{"meta": {"format": 3, "version": "7.11.0", "timestamp": "2025-10-24T11:12:58.194769", "branch_coverage": true, "show_contexts": false}, "files": {".venv/lib/python3.13/site-packages/pyvider/__init__.py": {"executed_lines": [4], "summary": {"covered_lines": 1, "num_statements": 1, "percent_covered": 100.0, "percent_covered_display": "100", "missing_lines": 0, "excluded_lines": 0, "num_branches": 0, "num_partial_branches": 0, "covered_branches": 0, "missing_branches": 0}, "missing_lines": [], "excluded_lines": [], "executed_branches": [], "missing_branches": [], "functions": {"": {"executed_lines": [4], "summary": {"covered_lines": 1, "num_statements": 1, "percent_covered": 100.0, "percent_covered_display": "100", "missing_lines": 0, "excluded_lines": 0, "num_branches": 0, "num_partial_branches": 0, "covered_branches": 0, "missing_branches": 0}, "missing_lines": [], "excluded_lines": [], "executed_branches": [], "missing_branches": []}}, "classes": {"": {"executed_lines": [4], "summary": {"covered_lines": 1, "num_statements": 1, "percent_covered": 100.0, "percent_covered_display": "100", "missing_lines": 0, "excluded_lines": 0, "num_branches": 0, "num_partial_branches": 0, "covered_branches": 0, "missing_branches": 0}, "missing_lines": [], "excluded_lines": [], "executed_branches": [], "missing_branches": []}}}, ".venv/lib/python3.13/site-packages/pyvider/cty/__init__.py": {"executed_lines": [5, 7, 8, 9, 20, 21, 22, 37, 39, 44], "summary": {"covered_lines": 10, "num_statements": 10, "percent_covered": 100.0, "percent_covered_display": "100", "missing_lines": 0, "excluded_lines": 0, "num_branches": 0, "num_partial_branches": 0, "covered_branches": 0, "missing_branches": 0}, "missing_lines": [], "excluded_lines": [], "executed_branches": [], "missing_branches": [], "functions": {"": {"executed_lines": [5, 7, 8, 9, 20, 21, 22, 37, 39, 44], "summary": {"covered_lines": 10, "num_statements": 10, "percent_covered": 100.0, "percent_covered_display": "100", "missing_lines": 0, "excluded_lines": 0, "num_branches": 0, "num_partial_branches": 0, "covered_branches": 0, "missing_branches": 0}, "missing_lines": [], "excluded_lines": [], "executed_branches": [], "missing_branches": []}}, "classes": {"": {"executed_lines": [5, 7, 8, 9, 20, 21, 22, 37, 39, 44], "summary": {"covered_lines": 10, "num_statements": 10, "percent_covered": 100.0, "percent_covered_display": "100", "missing_lines": 0, "excluded_lines": 0, "num_branches": 0, "num_partial_branches": 0, "covered_branches": 0, "missing_branches": 0}, "missing_lines": [], "excluded_lines": [], "executed_branches": [], "missing_branches": []}}}, ".venv/lib/python3.13/site-packages/pyvider/cty/_version.py": {"executed_lines": [5, 7, 9, 14, 16], "summary": {"covered_lines": 5, "num_statements": 5, "percent_covered": 100.0, "percent_covered_display": "100", "missing_lines": 0, "excluded_lines": 0, "num_branches": 0, "num_partial_branches": 0, "covered_branches": 0, "missing_branches": 0}, "missing_lines": [], "excluded_lines": [], "executed_branches": [], "missing_branches": [], "functions": {"": {"executed_lines": [5, 7, 9, 14, 16], "summary": {"covered_lines": 5, "num_statements": 5, "percent_covered": 100.0, "percent_covered_display": "100", "missing_lines": 0, "excluded_lines": 0, "num_branches": 0, "num_partial_branches": 0, "covered_branches": 0, "missing_branches": 0}, "missing_lines": [], "excluded_lines": [], "executed_branches": [], "missing_branches": []}}, "classes": {"": {"executed_lines": [5, 7, 9, 14, 16], "summary": {"covered_lines": 5, "num_statements": 5, "percent_covered": 100.0, "percent_covered_display": "100", "missing_lines": 0, "excluded_lines": 0, "num_branches": 0, "num_partial_branches": 0, "covered_branches": 0, "missing_branches": 0}, "missing_lines": [], "excluded_lines": [], "executed_branches": [], "missing_branches": []}}}, ".venv/lib/python3.13/site-packages/pyvider/cty/codec.py": {"executed_lines": [5, 7, 8, 9, 11, 12, 14, 36, 37, 42, 43, 52, 53, 60, 67, 93, 104, 105, 106, 107, 115, 116, 117, 139, 140, 141, 147, 148, 150, 151, 152, 155, 157, 159, 164, 171, 173, 175, 180, 183, 190, 196, 198, 204, 205, 208, 209, 215, 226, 227, 232, 233, 234, 239, 242, 243, 253, 254, 256, 257, 258, 259, 260, 261, 263, 264, 265, 266, 268, 269, 270, 272, 273, 274, 277, 284, 285, 294, 295, 302, 303, 304, 305, 306, 307, 310, 311, 319, 321, 328, 334, 335, 336, 337, 338, 344], "summary": {"covered_lines": 96, "num_statements": 172, "percent_covered": 50.390625, "percent_covered_display": "50", "missing_lines": 76, "excluded_lines": 0, "num_branches": 84, "num_partial_branches": 13, "covered_branches": 33, "missing_branches": 51}, "missing_lines": [62, 63, 64, 69, 71, 72, 73, 74, 75, 76, 80, 81, 85, 86, 87, 88, 90, 95, 96, 97, 98, 99, 100, 101, 108, 109, 110, 112, 118, 119, 120, 121, 122, 123, 124, 125, 126, 127, 128, 129, 130, 131, 132, 133, 134, 135, 136, 142, 158, 166, 167, 168, 174, 185, 186, 187, 199, 201, 202, 211, 236, 246, 247, 250, 255, 267, 271, 278, 279, 280, 281, 320, 339, 340, 341, 342], "excluded_lines": [], "executed_branches": [[106, 107], [116, 117], [141, 147], [157, 159], [173, 175], [204, 205], [204, 215], [208, 209], [232, 233], [234, 239], [242, 243], [254, 256], [256, 257], [256, 258], [258, 259], [258, 260], [260, 261], [260, 263], [264, 265], [264, 266], [266, 268], [268, 269], [268, 270], [270, 272], [272, 273], [272, 274], [303, 304], [303, 305], [305, 306], [305, 307], [319, 321], [328, 334], [328, 344]], "missing_branches": [[62, 63], [62, 64], [71, 72], [71, 73], [73, 74], [73, 75], [75, 76], [75, 80], [80, 81], [80, 85], [85, 86], [85, 87], [87, 88], [87, 90], [106, 108], [108, 109], [108, 110], [116, 118], [119, 120], [119, 121], [121, 122], [121, 123], [123, 124], [123, 126], [126, 127], [126, 129], [129, 130], [129, 131], [131, 132], [131, 133], [133, 134], [133, 135], [141, 142], [157, 158], [166, 167], [166, 168], [173, 174], [185, 186], [185, 187], [208, 211], [232, 239], [234, 236], [242, 246], [246, 247], [246, 250], [254, 255], [266, 267], [270, 271], [278, 279], [278, 280], [319, 320]], "functions": {"_decode_number_value": {"executed_lines": [], "summary": {"covered_lines": 0, "num_statements": 3, "percent_covered": 0.0, "percent_covered_display": "0", "missing_lines": 3, "excluded_lines": 0, "num_branches": 2, "num_partial_branches": 0, "covered_branches": 0, "missing_branches": 2}, "missing_lines": [62, 63, 64], "excluded_lines": [], "executed_branches": [], "missing_branches": [[62, 63], [62, 64]]}, "_extract_refinements_from_payload": {"executed_lines": [], "summary": {"covered_lines": 0, "num_statements": 14, "percent_covered": 0.0, "percent_covered_display": "0", "missing_lines": 14, "excluded_lines": 0, "num_branches": 12, "num_partial_branches": 0, "covered_branches": 0, "missing_branches": 12}, "missing_lines": [69, 71, 72, 73, 74, 75, 76, 80, 81, 85, 86, 87, 88, 90], "excluded_lines": [], "executed_branches": [], "missing_branches": [[71, 72], [71, 73], [73, 74], [73, 75], [75, 76], [75, 80], [80, 81], [80, 85], [85, 86], [85, 87], [87, 88], [87, 90]]}, "_decode_refined_unknown_payload": {"executed_lines": [], "summary": {"covered_lines": 0, "num_statements": 7, "percent_covered": 0.0, "percent_covered_display": "0", "missing_lines": 7, "excluded_lines": 0, "num_branches": 0, "num_partial_branches": 0, "covered_branches": 0, "missing_branches": 0}, "missing_lines": [95, 96, 97, 98, 99, 100, 101], "excluded_lines": [], "executed_branches": [], "missing_branches": []}, "_ext_hook": {"executed_lines": [105, 106, 107], "summary": {"covered_lines": 3, "num_statements": 7, "percent_covered": 36.36363636363637, "percent_covered_display": "36", "missing_lines": 4, "excluded_lines": 0, "num_branches": 4, "num_partial_branches": 1, "covered_branches": 1, "missing_branches": 3}, "missing_lines": [108, 109, 110, 112], "excluded_lines": [], "executed_branches": [[106, 107]], "missing_branches": [[106, 108], [108, 109], [108, 110]]}, "_serialize_unknown": {"executed_lines": [116, 117], "summary": {"covered_lines": 2, "num_statements": 21, "percent_covered": 8.108108108108109, "percent_covered_display": "8", "missing_lines": 19, "excluded_lines": 0, "num_branches": 16, "num_partial_branches": 1, "covered_branches": 1, "missing_branches": 15}, "missing_lines": [118, 119, 120, 121, 122, 123, 124, 125, 126, 127, 128, 129, 130, 131, 132, 133, 134, 135, 136], "excluded_lines": [], "executed_branches": [[116, 117]], "missing_branches": [[116, 118], [119, 120], [119, 121], [121, 122], [121, 123], [123, 124], [123, 126], [126, 127], [126, 129], [129, 130], [129, 131], [131, 132], [131, 133], [133, 134], [133, 135]]}, "_serialize_dynamic": {"executed_lines": [140, 141, 147, 148, 150, 151, 152], "summary": {"covered_lines": 7, "num_statements": 8, "percent_covered": 80.0, "percent_covered_display": "80", "missing_lines": 1, "excluded_lines": 0, "num_branches": 2, "num_partial_branches": 1, "covered_branches": 1, "missing_branches": 1}, "missing_lines": [142], "excluded_lines": [], "executed_branches": [[141, 147]], "missing_branches": [[141, 142]]}, "_serialize_object_value": {"executed_lines": [157, 159], "summary": {"covered_lines": 2, "num_statements": 3, "percent_covered": 60.0, "percent_covered_display": "60", "missing_lines": 1, "excluded_lines": 0, "num_branches": 2, "num_partial_branches": 1, "covered_branches": 1, "missing_branches": 1}, "missing_lines": [158], "excluded_lines": [], "executed_branches": [[157, 159]], "missing_branches": [[157, 158]]}, "_serialize_map_value": {"executed_lines": [], "summary": {"covered_lines": 0, "num_statements": 3, "percent_covered": 0.0, "percent_covered_display": "0", "missing_lines": 3, "excluded_lines": 0, "num_branches": 2, "num_partial_branches": 0, "covered_branches": 0, "missing_branches": 2}, "missing_lines": [166, 167, 168], "excluded_lines": [], "executed_branches": [], "missing_branches": [[166, 167], [166, 168]]}, "_serialize_collection_value": {"executed_lines": [173, 175, 180], "summary": {"covered_lines": 3, "num_statements": 4, "percent_covered": 66.66666666666667, "percent_covered_display": "67", "missing_lines": 1, "excluded_lines": 0, "num_branches": 2, "num_partial_branches": 1, "covered_branches": 1, "missing_branches": 1}, "missing_lines": [174], "excluded_lines": [], "executed_branches": [[173, 175]], "missing_branches": [[173, 174]]}, "_serialize_tuple_value": {"executed_lines": [], "summary": {"covered_lines": 0, "num_statements": 3, "percent_covered": 0.0, "percent_covered_display": "0", "missing_lines": 3, "excluded_lines": 0, "num_branches": 2, "num_partial_branches": 0, "covered_branches": 0, "missing_branches": 2}, "missing_lines": [185, 186, 187], "excluded_lines": [], "executed_branches": [], "missing_branches": [[185, 186], [185, 187]]}, "_serialize_decimal_value": {"executed_lines": [196, 198, 204, 205, 208, 209, 215, 226, 227, 232, 233, 234, 239, 242, 243], "summary": {"covered_lines": 15, "num_statements": 23, "percent_covered": 60.0, "percent_covered_display": "60", "missing_lines": 8, "excluded_lines": 0, "num_branches": 12, "num_partial_branches": 4, "covered_branches": 6, "missing_branches": 6}, "missing_lines": [199, 201, 202, 211, 236, 246, 247, 250], "excluded_lines": [], "executed_branches": [[204, 205], [204, 215], [208, 209], [232, 233], [234, 239], [242, 243]], "missing_branches": [[208, 211], [232, 239], [234, 236], [242, 246], [246, 247], [246, 250]]}, "_convert_value_to_serializable": {"executed_lines": [254, 256, 257, 258, 259, 260, 261, 263, 264, 265, 266, 268, 269, 270, 272, 273, 274], "summary": {"covered_lines": 17, "num_statements": 20, "percent_covered": 84.21052631578948, "percent_covered_display": "84", "missing_lines": 3, "excluded_lines": 0, "num_branches": 18, "num_partial_branches": 3, "covered_branches": 15, "missing_branches": 3}, "missing_lines": [255, 267, 271], "excluded_lines": [], "executed_branches": [[254, 256], [256, 257], [256, 258], [258, 259], [258, 260], [260, 261], [260, 263], [264, 265], [264, 266], [266, 268], [268, 269], [268, 270], [270, 272], [272, 273], [272, 274]], "missing_branches": [[254, 255], [266, 267], [270, 271]]}, "_msgpack_default_handler": {"executed_lines": [], "summary": {"covered_lines": 0, "num_statements": 4, "percent_covered": 0.0, "percent_covered_display": "0", "missing_lines": 4, "excluded_lines": 0, "num_branches": 2, "num_partial_branches": 0, "covered_branches": 0, "missing_branches": 2}, "missing_lines": [278, 279, 280, 281], "excluded_lines": [], "executed_branches": [], "missing_branches": [[278, 279], [278, 280]]}, "cty_to_msgpack": {"executed_lines": [285, 294, 295], "summary": {"covered_lines": 3, "num_statements": 3, "percent_covered": 100.0, "percent_covered_display": "100", "missing_lines": 0, "excluded_lines": 0, "num_branches": 0, "num_partial_branches": 0, "covered_branches": 0, "missing_branches": 0}, "missing_lines": [], "excluded_lines": [], "executed_branches": [], "missing_branches": []}, "_unpacked_to_cty": {"executed_lines": [303, 304, 305, 306, 307], "summary": {"covered_lines": 5, "num_statements": 5, "percent_covered": 100.0, "percent_covered_display": "100", "missing_lines": 0, "excluded_lines": 0, "num_branches": 4, "num_partial_branches": 0, "covered_branches": 4, "missing_branches": 0}, "missing_lines": [], "excluded_lines": [], "executed_branches": [[303, 304], [303, 305], [305, 306], [305, 307]], "missing_branches": []}, "cty_from_msgpack": {"executed_lines": [311, 319, 321, 328, 334, 335, 336, 337, 338, 344], "summary": {"covered_lines": 10, "num_statements": 15, "percent_covered": 68.42105263157895, "percent_covered_display": "68", "missing_lines": 5, "excluded_lines": 0, "num_branches": 4, "num_partial_branches": 1, "covered_branches": 3, "missing_branches": 1}, "missing_lines": [320, 339, 340, 341, 342], "excluded_lines": [], "executed_branches": [[319, 321], [328, 334], [328, 344]], "missing_branches": [[319, 320]]}, "": {"executed_lines": [5, 7, 8, 9, 11, 12, 14, 36, 37, 42, 43, 52, 53, 60, 67, 93, 104, 115, 139, 155, 164, 171, 183, 190, 253, 277, 284, 302, 310], "summary": {"covered_lines": 29, "num_statements": 29, "percent_covered": 100.0, "percent_covered_display": "100", "missing_lines": 0, "excluded_lines": 0, "num_branches": 0, "num_partial_branches": 0, "covered_branches": 0, "missing_branches": 0}, "missing_lines": [], "excluded_lines": [], "executed_branches": [], "missing_branches": []}}, "classes": {"": {"executed_lines": [5, 7, 8, 9, 11, 12, 14, 36, 37, 42, 43, 52, 53, 60, 67, 93, 104, 105, 106, 107, 115, 116, 117, 139, 140, 141, 147, 148, 150, 151, 152, 155, 157, 159, 164, 171, 173, 175, 180, 183, 190, 196, 198, 204, 205, 208, 209, 215, 226, 227, 232, 233, 234, 239, 242, 243, 253, 254, 256, 257, 258, 259, 260, 261, 263, 264, 265, 266, 268, 269, 270, 272, 273, 274, 277, 284, 285, 294, 295, 302, 303, 304, 305, 306, 307, 310, 311, 319, 321, 328, 334, 335, 336, 337, 338, 344], "summary": {"covered_lines": 96, "num_statements": 172, "percent_covered": 50.390625, "percent_covered_display": "50", "missing_lines": 76, "excluded_lines": 0, "num_branches": 84, "num_partial_branches": 13, "covered_branches": 33, "missing_branches": 51}, "missing_lines": [62, 63, 64, 69, 71, 72, 73, 74, 75, 76, 80, 81, 85, 86, 87, 88, 90, 95, 96, 97, 98, 99, 100, 101, 108, 109, 110, 112, 118, 119, 120, 121, 122, 123, 124, 125, 126, 127, 128, 129, 130, 131, 132, 133, 134, 135, 136, 142, 158, 166, 167, 168, 174, 185, 186, 187, 199, 201, 202, 211, 236, 246, 247, 250, 255, 267, 271, 278, 279, 280, 281, 320, 339, 340, 341, 342], "excluded_lines": [], "executed_branches": [[106, 107], [116, 117], [141, 147], [157, 159], [173, 175], [204, 205], [204, 215], [208, 209], [232, 233], [234, 239], [242, 243], [254, 256], [256, 257], [256, 258], [258, 259], [258, 260], [260, 261], [260, 263], [264, 265], [264, 266], [266, 268], [268, 269], [268, 270], [270, 272], [272, 273], [272, 274], [303, 304], [303, 305], [305, 306], [305, 307], [319, 321], [328, 334], [328, 344]], "missing_branches": [[62, 63], [62, 64], [71, 72], [71, 73], [73, 74], [73, 75], [75, 76], [75, 80], [80, 81], [80, 85], [85, 86], [85, 87], [87, 88], [87, 90], [106, 108], [108, 109], [108, 110], [116, 118], [119, 120], [119, 121], [121, 122], [121, 123], [123, 124], [123, 126], [126, 127], [126, 129], [129, 130], [129, 131], [131, 132], [131, 133], [133, 134], [133, 135], [141, 142], [157, 158], [166, 167], [166, 168], [173, 174], [185, 186], [185, 187], [208, 211], [232, 239], [234, 236], [242, 246], [246, 247], [246, 250], [254, 255], [266, 267], [270, 271], [278, 279], [278, 280], [319, 320]]}}}, ".venv/lib/python3.13/site-packages/pyvider/cty/config/__init__.py": {"executed_lines": [5, 7], "summary": {"covered_lines": 2, "num_statements": 2, "percent_covered": 100.0, "percent_covered_display": "100", "missing_lines": 0, "excluded_lines": 0, "num_branches": 0, "num_partial_branches": 0, "covered_branches": 0, "missing_branches": 0}, "missing_lines": [], "excluded_lines": [], "executed_branches": [], "missing_branches": [], "functions": {"": {"executed_lines": [5, 7], "summary": {"covered_lines": 2, "num_statements": 2, "percent_covered": 100.0, "percent_covered_display": "100", "missing_lines": 0, "excluded_lines": 0, "num_branches": 0, "num_partial_branches": 0, "covered_branches": 0, "missing_branches": 0}, "missing_lines": [], "excluded_lines": [], "executed_branches": [], "missing_branches": []}}, "classes": {"": {"executed_lines": [5, 7], "summary": {"covered_lines": 2, "num_statements": 2, "percent_covered": 100.0, "percent_covered_display": "100", "missing_lines": 0, "excluded_lines": 0, "num_branches": 0, "num_partial_branches": 0, "covered_branches": 0, "missing_branches": 0}, "missing_lines": [], "excluded_lines": [], "executed_branches": [], "missing_branches": []}}}, ".venv/lib/python3.13/site-packages/pyvider/cty/config/defaults.py": {"executed_lines": [5, 7, 14, 19, 20, 21, 26, 27, 28, 29, 30, 33, 34, 35, 36, 37, 38, 43, 44, 45, 50, 51, 56, 66, 67, 68, 69, 70, 75, 76, 77, 82, 83, 84, 85, 90, 91, 92, 93, 94, 100, 101, 102, 103, 104, 105, 106, 107, 108, 109, 110, 111, 112, 113, 114, 117, 118, 119, 122, 123, 124, 125, 126, 129, 130, 131, 132, 133, 134, 135, 136, 137, 138, 139, 140, 141, 144, 145, 146, 147, 148, 149, 150, 151, 152, 153, 154, 155, 156, 157, 162, 163, 164, 165, 166, 169, 170, 171, 172, 173, 174, 175, 176, 179, 180, 181, 182, 183, 184, 185, 186, 187, 190, 191, 192, 193, 194, 195, 196, 197, 198, 199, 204, 205, 206, 207, 208, 209, 210, 213, 214, 215, 216, 219, 220, 221, 222, 223, 224, 225, 226, 227, 228, 229, 230, 231, 232, 233, 234, 235, 236, 237, 238, 241, 242, 243, 244, 245, 246, 247, 248, 249, 250, 251, 252, 253, 254, 255, 256, 259, 260, 261, 262, 263, 264, 267, 268, 269, 270, 271, 272, 273, 276, 277, 278, 279, 280, 281, 282, 285, 286, 287, 288, 289, 290, 291, 292, 293, 294, 295, 296, 299, 300, 301, 304, 305, 308, 309, 310, 311, 312, 315, 316, 317, 318, 319, 322, 323, 324, 327, 328, 329, 332, 333, 336, 337, 338, 339, 340, 341, 344, 347, 350, 351, 352], "summary": {"covered_lines": 235, "num_statements": 235, "percent_covered": 100.0, "percent_covered_display": "100", "missing_lines": 0, "excluded_lines": 0, "num_branches": 0, "num_partial_branches": 0, "covered_branches": 0, "missing_branches": 0}, "missing_lines": [], "excluded_lines": [], "executed_branches": [], "missing_branches": [], "functions": {"": {"executed_lines": [5, 7, 14, 19, 20, 21, 26, 27, 28, 29, 30, 33, 34, 35, 36, 37, 38, 43, 44, 45, 50, 51, 56, 66, 67, 68, 69, 70, 75, 76, 77, 82, 83, 84, 85, 90, 91, 92, 93, 94, 100, 101, 102, 103, 104, 105, 106, 107, 108, 109, 110, 111, 112, 113, 114, 117, 118, 119, 122, 123, 124, 125, 126, 129, 130, 131, 132, 133, 134, 135, 136, 137, 138, 139, 140, 141, 144, 145, 146, 147, 148, 149, 150, 151, 152, 153, 154, 155, 156, 157, 162, 163, 164, 165, 166, 169, 170, 171, 172, 173, 174, 175, 176, 179, 180, 181, 182, 183, 184, 185, 186, 187, 190, 191, 192, 193, 194, 195, 196, 197, 198, 199, 204, 205, 206, 207, 208, 209, 210, 213, 214, 215, 216, 219, 220, 221, 222, 223, 224, 225, 226, 227, 228, 229, 230, 231, 232, 233, 234, 235, 236, 237, 238, 241, 242, 243, 244, 245, 246, 247, 248, 249, 250, 251, 252, 253, 254, 255, 256, 259, 260, 261, 262, 263, 264, 267, 268, 269, 270, 271, 272, 273, 276, 277, 278, 279, 280, 281, 282, 285, 286, 287, 288, 289, 290, 291, 292, 293, 294, 295, 296, 299, 300, 301, 304, 305, 308, 309, 310, 311, 312, 315, 316, 317, 318, 319, 322, 323, 324, 327, 328, 329, 332, 333, 336, 337, 338, 339, 340, 341, 344, 347, 350, 351, 352], "summary": {"covered_lines": 235, "num_statements": 235, "percent_covered": 100.0, "percent_covered_display": "100", "missing_lines": 0, "excluded_lines": 0, "num_branches": 0, "num_partial_branches": 0, "covered_branches": 0, "missing_branches": 0}, "missing_lines": [], "excluded_lines": [], "executed_branches": [], "missing_branches": []}}, "classes": {"": {"executed_lines": [5, 7, 14, 19, 20, 21, 26, 27, 28, 29, 30, 33, 34, 35, 36, 37, 38, 43, 44, 45, 50, 51, 56, 66, 67, 68, 69, 70, 75, 76, 77, 82, 83, 84, 85, 90, 91, 92, 93, 94, 100, 101, 102, 103, 104, 105, 106, 107, 108, 109, 110, 111, 112, 113, 114, 117, 118, 119, 122, 123, 124, 125, 126, 129, 130, 131, 132, 133, 134, 135, 136, 137, 138, 139, 140, 141, 144, 145, 146, 147, 148, 149, 150, 151, 152, 153, 154, 155, 156, 157, 162, 163, 164, 165, 166, 169, 170, 171, 172, 173, 174, 175, 176, 179, 180, 181, 182, 183, 184, 185, 186, 187, 190, 191, 192, 193, 194, 195, 196, 197, 198, 199, 204, 205, 206, 207, 208, 209, 210, 213, 214, 215, 216, 219, 220, 221, 222, 223, 224, 225, 226, 227, 228, 229, 230, 231, 232, 233, 234, 235, 236, 237, 238, 241, 242, 243, 244, 245, 246, 247, 248, 249, 250, 251, 252, 253, 254, 255, 256, 259, 260, 261, 262, 263, 264, 267, 268, 269, 270, 271, 272, 273, 276, 277, 278, 279, 280, 281, 282, 285, 286, 287, 288, 289, 290, 291, 292, 293, 294, 295, 296, 299, 300, 301, 304, 305, 308, 309, 310, 311, 312, 315, 316, 317, 318, 319, 322, 323, 324, 327, 328, 329, 332, 333, 336, 337, 338, 339, 340, 341, 344, 347, 350, 351, 352], "summary": {"covered_lines": 235, "num_statements": 235, "percent_covered": 100.0, "percent_covered_display": "100", "missing_lines": 0, "excluded_lines": 0, "num_branches": 0, "num_partial_branches": 0, "covered_branches": 0, "missing_branches": 0}, "missing_lines": [], "excluded_lines": [], "executed_branches": [], "missing_branches": []}}}, ".venv/lib/python3.13/site-packages/pyvider/cty/config/runtime.py": {"executed_lines": [5, 7, 9, 10, 12, 14, 17, 18, 19, 25, 30, 31, 37], "summary": {"covered_lines": 12, "num_statements": 12, "percent_covered": 100.0, "percent_covered_display": "100", "missing_lines": 0, "excluded_lines": 0, "num_branches": 0, "num_partial_branches": 0, "covered_branches": 0, "missing_branches": 0}, "missing_lines": [], "excluded_lines": [], "executed_branches": [], "missing_branches": [], "functions": {"CtyConfig.get_current": {"executed_lines": [37], "summary": {"covered_lines": 1, "num_statements": 1, "percent_covered": 100.0, "percent_covered_display": "100", "missing_lines": 0, "excluded_lines": 0, "num_branches": 0, "num_partial_branches": 0, "covered_branches": 0, "missing_branches": 0}, "missing_lines": [], "excluded_lines": [], "executed_branches": [], "missing_branches": []}, "": {"executed_lines": [5, 7, 9, 10, 12, 14, 17, 18, 19, 25, 30, 31], "summary": {"covered_lines": 11, "num_statements": 11, "percent_covered": 100.0, "percent_covered_display": "100", "missing_lines": 0, "excluded_lines": 0, "num_branches": 0, "num_partial_branches": 0, "covered_branches": 0, "missing_branches": 0}, "missing_lines": [], "excluded_lines": [], "executed_branches": [], "missing_branches": []}}, "classes": {"CtyConfig": {"executed_lines": [37], "summary": {"covered_lines": 1, "num_statements": 1, "percent_covered": 100.0, "percent_covered_display": "100", "missing_lines": 0, "excluded_lines": 0, "num_branches": 0, "num_partial_branches": 0, "covered_branches": 0, "missing_branches": 0}, "missing_lines": [], "excluded_lines": [], "executed_branches": [], "missing_branches": []}, "": {"executed_lines": [5, 7, 9, 10, 12, 14, 17, 18, 19, 25, 30, 31], "summary": {"covered_lines": 11, "num_statements": 11, "percent_covered": 100.0, "percent_covered_display": "100", "missing_lines": 0, "excluded_lines": 0, "num_branches": 0, "num_partial_branches": 0, "covered_branches": 0, "missing_branches": 0}, "missing_lines": [], "excluded_lines": [], "executed_branches": [], "missing_branches": []}}}, ".venv/lib/python3.13/site-packages/pyvider/cty/context/__init__.py": {"executed_lines": [], "summary": {"covered_lines": 0, "num_statements": 4, "percent_covered": 0.0, "percent_covered_display": "0", "missing_lines": 4, "excluded_lines": 0, "num_branches": 0, "num_partial_branches": 0, "covered_branches": 0, "missing_branches": 0}, "missing_lines": [5, 7, 14, 22], "excluded_lines": [], "executed_branches": [], "missing_branches": [], "functions": {"": {"executed_lines": [], "summary": {"covered_lines": 0, "num_statements": 4, "percent_covered": 0.0, "percent_covered_display": "0", "missing_lines": 4, "excluded_lines": 0, "num_branches": 0, "num_partial_branches": 0, "covered_branches": 0, "missing_branches": 0}, "missing_lines": [5, 7, 14, 22], "excluded_lines": [], "executed_branches": [], "missing_branches": []}}, "classes": {"": {"executed_lines": [], "summary": {"covered_lines": 0, "num_statements": 4, "percent_covered": 0.0, "percent_covered_display": "0", "missing_lines": 4, "excluded_lines": 0, "num_branches": 0, "num_partial_branches": 0, "covered_branches": 0, "missing_branches": 0}, "missing_lines": [5, 7, 14, 22], "excluded_lines": [], "executed_branches": [], "missing_branches": []}}}, ".venv/lib/python3.13/site-packages/pyvider/cty/context/validation_context.py": {"executed_lines": [], "summary": {"covered_lines": 0, "num_statements": 14, "percent_covered": 0.0, "percent_covered_display": "0", "missing_lines": 14, "excluded_lines": 0, "num_branches": 0, "num_partial_branches": 0, "covered_branches": 0, "missing_branches": 0}, "missing_lines": [5, 8, 9, 10, 12, 14, 17, 18, 20, 21, 22, 24, 27, 29], "excluded_lines": [], "executed_branches": [], "missing_branches": [], "functions": {"deeper_validation": {"executed_lines": [], "summary": {"covered_lines": 0, "num_statements": 4, "percent_covered": 0.0, "percent_covered_display": "0", "missing_lines": 4, "excluded_lines": 0, "num_branches": 0, "num_partial_branches": 0, "covered_branches": 0, "missing_branches": 0}, "missing_lines": [20, 21, 22, 24], "excluded_lines": [], "executed_branches": [], "missing_branches": []}, "get_validation_depth": {"executed_lines": [], "summary": {"covered_lines": 0, "num_statements": 1, "percent_covered": 0.0, "percent_covered_display": "0", "missing_lines": 1, "excluded_lines": 0, "num_branches": 0, "num_partial_branches": 0, "covered_branches": 0, "missing_branches": 0}, "missing_lines": [29], "excluded_lines": [], "executed_branches": [], "missing_branches": []}, "": {"executed_lines": [], "summary": {"covered_lines": 0, "num_statements": 9, "percent_covered": 0.0, "percent_covered_display": "0", "missing_lines": 9, "excluded_lines": 0, "num_branches": 0, "num_partial_branches": 0, "covered_branches": 0, "missing_branches": 0}, "missing_lines": [5, 8, 9, 10, 12, 14, 17, 18, 27], "excluded_lines": [], "executed_branches": [], "missing_branches": []}}, "classes": {"": {"executed_lines": [], "summary": {"covered_lines": 0, "num_statements": 14, "percent_covered": 0.0, "percent_covered_display": "0", "missing_lines": 14, "excluded_lines": 0, "num_branches": 0, "num_partial_branches": 0, "covered_branches": 0, "missing_branches": 0}, "missing_lines": [5, 8, 9, 10, 12, 14, 17, 18, 20, 21, 22, 24, 27, 29], "excluded_lines": [], "executed_branches": [], "missing_branches": []}}}, ".venv/lib/python3.13/site-packages/pyvider/cty/conversion/__init__.py": {"executed_lines": [5, 7, 8, 11, 12, 13, 15], "summary": {"covered_lines": 7, "num_statements": 7, "percent_covered": 100.0, "percent_covered_display": "100", "missing_lines": 0, "excluded_lines": 0, "num_branches": 0, "num_partial_branches": 0, "covered_branches": 0, "missing_branches": 0}, "missing_lines": [], "excluded_lines": [], "executed_branches": [], "missing_branches": [], "functions": {"": {"executed_lines": [5, 7, 8, 11, 12, 13, 15], "summary": {"covered_lines": 7, "num_statements": 7, "percent_covered": 100.0, "percent_covered_display": "100", "missing_lines": 0, "excluded_lines": 0, "num_branches": 0, "num_partial_branches": 0, "covered_branches": 0, "missing_branches": 0}, "missing_lines": [], "excluded_lines": [], "executed_branches": [], "missing_branches": []}}, "classes": {"": {"executed_lines": [5, 7, 8, 11, 12, 13, 15], "summary": {"covered_lines": 7, "num_statements": 7, "percent_covered": 100.0, "percent_covered_display": "100", "missing_lines": 0, "excluded_lines": 0, "num_branches": 0, "num_partial_branches": 0, "covered_branches": 0, "missing_branches": 0}, "missing_lines": [], "excluded_lines": [], "executed_branches": [], "missing_branches": []}}}, ".venv/lib/python3.13/site-packages/pyvider/cty/conversion/_utils.py": {"executed_lines": [5, 7, 9, 15, 18], "summary": {"covered_lines": 5, "num_statements": 17, "percent_covered": 21.73913043478261, "percent_covered_display": "22", "missing_lines": 12, "excluded_lines": 0, "num_branches": 6, "num_partial_branches": 0, "covered_branches": 0, "missing_branches": 6}, "missing_lines": [24, 25, 27, 28, 29, 30, 31, 32, 34, 36, 37, 38], "excluded_lines": [], "executed_branches": [], "missing_branches": [[27, 28], [27, 30], [30, 31], [30, 34], [36, 37], [36, 38]], "functions": {"_attrs_to_dict_safe": {"executed_lines": [], "summary": {"covered_lines": 0, "num_statements": 12, "percent_covered": 0.0, "percent_covered_display": "0", "missing_lines": 12, "excluded_lines": 0, "num_branches": 6, "num_partial_branches": 0, "covered_branches": 0, "missing_branches": 6}, "missing_lines": [24, 25, 27, 28, 29, 30, 31, 32, 34, 36, 37, 38], "excluded_lines": [], "executed_branches": [], "missing_branches": [[27, 28], [27, 30], [30, 31], [30, 34], [36, 37], [36, 38]]}, "": {"executed_lines": [5, 7, 9, 15, 18], "summary": {"covered_lines": 5, "num_statements": 5, "percent_covered": 100.0, "percent_covered_display": "100", "missing_lines": 0, "excluded_lines": 0, "num_branches": 0, "num_partial_branches": 0, "covered_branches": 0, "missing_branches": 0}, "missing_lines": [], "excluded_lines": [], "executed_branches": [], "missing_branches": []}}, "classes": {"": {"executed_lines": [5, 7, 9, 15, 18], "summary": {"covered_lines": 5, "num_statements": 17, "percent_covered": 21.73913043478261, "percent_covered_display": "22", "missing_lines": 12, "excluded_lines": 0, "num_branches": 6, "num_partial_branches": 0, "covered_branches": 0, "missing_branches": 6}, "missing_lines": [24, 25, 27, 28, 29, 30, 31, 32, 34, 36, 37, 38], "excluded_lines": [], "executed_branches": [], "missing_branches": [[27, 28], [27, 30], [30, 31], [30, 34], [36, 37], [36, 38]]}}}, ".venv/lib/python3.13/site-packages/pyvider/cty/conversion/adapter.py": {"executed_lines": [5, 7, 8, 10, 20, 23, 28, 31, 34, 35, 36, 37, 39, 40, 42, 43, 44, 45, 48, 49, 51, 53, 55, 57, 58, 59, 60, 61, 62, 63, 72, 74, 75, 76, 78, 81, 82, 83, 85, 86, 89, 93, 94, 96, 97, 98, 99, 104, 106, 107, 108, 109, 110, 112, 114, 116], "summary": {"covered_lines": 56, "num_statements": 68, "percent_covered": 77.67857142857143, "percent_covered_display": "78", "missing_lines": 12, "excluded_lines": 0, "num_branches": 44, "num_partial_branches": 9, "covered_branches": 31, "missing_branches": 13}, "missing_lines": [29, 32, 50, 52, 54, 64, 66, 70, 71, 79, 80, 87], "excluded_lines": [], "executed_branches": [[28, 31], [31, 34], [39, 40], [39, 116], [42, 43], [42, 74], [48, 49], [48, 57], [49, 51], [51, 53], [53, 55], [57, 58], [57, 60], [60, 61], [60, 62], [62, 63], [74, 75], [74, 78], [78, 81], [81, 82], [81, 85], [86, 89], [89, 93], [89, 106], [96, 97], [96, 98], [98, 99], [107, 108], [107, 114], [109, 110], [109, 112]], "missing_branches": [[28, 29], [31, 32], [49, 50], [51, 52], [53, 54], [62, 64], [64, 66], [64, 70], [70, 71], [70, 72], [78, 79], [86, 87], [98, 39]], "functions": {"cty_to_native": {"executed_lines": [28, 31, 34, 35, 36, 37, 39, 40, 42, 43, 44, 45, 48, 49, 51, 53, 55, 57, 58, 59, 60, 61, 62, 63, 72, 74, 75, 76, 78, 81, 82, 83, 85, 86, 89, 93, 94, 96, 97, 98, 99, 104, 106, 107, 108, 109, 110, 112, 114, 116], "summary": {"covered_lines": 50, "num_statements": 62, "percent_covered": 76.41509433962264, "percent_covered_display": "76", "missing_lines": 12, "excluded_lines": 0, "num_branches": 44, "num_partial_branches": 9, "covered_branches": 31, "missing_branches": 13}, "missing_lines": [29, 32, 50, 52, 54, 64, 66, 70, 71, 79, 80, 87], "excluded_lines": [], "executed_branches": [[28, 31], [31, 34], [39, 40], [39, 116], [42, 43], [42, 74], [48, 49], [48, 57], [49, 51], [51, 53], [53, 55], [57, 58], [57, 60], [60, 61], [60, 62], [62, 63], [74, 75], [74, 78], [78, 81], [81, 82], [81, 85], [86, 89], [89, 93], [89, 106], [96, 97], [96, 98], [98, 99], [107, 108], [107, 114], [109, 110], [109, 112]], "missing_branches": [[28, 29], [31, 32], [49, 50], [51, 52], [53, 54], [62, 64], [64, 66], [64, 70], [70, 71], [70, 72], [78, 79], [86, 87], [98, 39]]}, "": {"executed_lines": [5, 7, 8, 10, 20, 23], "summary": {"covered_lines": 6, "num_statements": 6, "percent_covered": 100.0, "percent_covered_display": "100", "missing_lines": 0, "excluded_lines": 0, "num_branches": 0, "num_partial_branches": 0, "covered_branches": 0, "missing_branches": 0}, "missing_lines": [], "excluded_lines": [], "executed_branches": [], "missing_branches": []}}, "classes": {"": {"executed_lines": [5, 7, 8, 10, 20, 23, 28, 31, 34, 35, 36, 37, 39, 40, 42, 43, 44, 45, 48, 49, 51, 53, 55, 57, 58, 59, 60, 61, 62, 63, 72, 74, 75, 76, 78, 81, 82, 83, 85, 86, 89, 93, 94, 96, 97, 98, 99, 104, 106, 107, 108, 109, 110, 112, 114, 116], "summary": {"covered_lines": 56, "num_statements": 68, "percent_covered": 77.67857142857143, "percent_covered_display": "78", "missing_lines": 12, "excluded_lines": 0, "num_branches": 44, "num_partial_branches": 9, "covered_branches": 31, "missing_branches": 13}, "missing_lines": [29, 32, 50, 52, 54, 64, 66, 70, 71, 79, 80, 87], "excluded_lines": [], "executed_branches": [[28, 31], [31, 34], [39, 40], [39, 116], [42, 43], [42, 74], [48, 49], [48, 57], [49, 51], [51, 53], [53, 55], [57, 58], [57, 60], [60, 61], [60, 62], [62, 63], [74, 75], [74, 78], [78, 81], [81, 82], [81, 85], [86, 89], [89, 93], [89, 106], [96, 97], [96, 98], [98, 99], [107, 108], [107, 114], [109, 110], [109, 112]], "missing_branches": [[28, 29], [31, 32], [49, 50], [51, 52], [53, 54], [62, 64], [64, 66], [64, 70], [70, 71], [70, 72], [78, 79], [86, 87], [98, 39]]}}}, ".venv/lib/python3.13/site-packages/pyvider/cty/conversion/explicit.py": {"executed_lines": [5, 7, 8, 9, 11, 13, 24, 25, 38, 40, 45, 48, 49, 52, 53, 56, 193, 194, 198, 199, 201, 202, 204, 207, 212, 237, 240, 245], "summary": {"covered_lines": 28, "num_statements": 119, "percent_covered": 18.65284974093264, "percent_covered_display": "19", "missing_lines": 91, "excluded_lines": 0, "num_branches": 74, "num_partial_branches": 6, "covered_branches": 8, "missing_branches": 66}, "missing_lines": [60, 70, 71, 73, 74, 75, 76, 79, 80, 81, 82, 85, 90, 91, 92, 97, 98, 101, 106, 109, 110, 111, 112, 113, 115, 116, 119, 120, 121, 122, 125, 126, 127, 128, 129, 130, 133, 140, 141, 142, 143, 144, 145, 146, 147, 148, 155, 156, 158, 159, 161, 162, 163, 164, 165, 168, 169, 170, 171, 172, 173, 174, 175, 176, 177, 178, 180, 181, 182, 185, 186, 200, 205, 208, 209, 210, 213, 214, 215, 217, 219, 220, 222, 223, 224, 226, 227, 228, 229, 230, 232], "excluded_lines": [], "executed_branches": [[49, 52], [53, 56], [199, 201], [201, 202], [201, 204], [204, 207], [207, 212], [212, 237]], "missing_branches": [[49, -48], [53, -52], [70, 71], [70, 73], [73, 74], [73, 75], [75, 76], [75, 79], [79, 80], [79, 109], [81, 82], [81, 90], [90, 91], [90, 97], [97, 98], [97, 106], [109, 110], [109, 115], [110, 111], [110, 113], [115, 116], [115, 119], [119, 120], [119, 125], [125, 126], [125, 140], [140, 141], [140, 155], [141, 142], [141, 147], [143, 144], [143, 145], [145, 146], [145, 147], [155, 156], [155, 158], [158, 159], [158, 161], [161, 162], [161, 168], [162, 163], [162, 164], [164, 165], [164, 168], [168, 169], [168, 185], [171, 172], [171, 174], [174, 175], [174, 182], [175, 176], [175, 177], [177, 178], [177, 180], [199, 200], [204, 205], [207, 208], [212, 213], [214, 215], [214, 217], [219, 220], [219, 222], [226, 227], [226, 232], [229, 226], [229, 230]], "functions": {"convert": {"executed_lines": [], "summary": {"covered_lines": 0, "num_statements": 71, "percent_covered": 0.0, "percent_covered_display": "0", "missing_lines": 71, "excluded_lines": 0, "num_branches": 52, "num_partial_branches": 0, "covered_branches": 0, "missing_branches": 52}, "missing_lines": [60, 70, 71, 73, 74, 75, 76, 79, 80, 81, 82, 85, 90, 91, 92, 97, 98, 101, 106, 109, 110, 111, 112, 113, 115, 116, 119, 120, 121, 122, 125, 126, 127, 128, 129, 130, 133, 140, 141, 142, 143, 144, 145, 146, 147, 148, 155, 156, 158, 159, 161, 162, 163, 164, 165, 168, 169, 170, 171, 172, 173, 174, 175, 176, 177, 178, 180, 181, 182, 185, 186], "excluded_lines": [], "executed_branches": [], "missing_branches": [[70, 71], [70, 73], [73, 74], [73, 75], [75, 76], [75, 79], [79, 80], [79, 109], [81, 82], [81, 90], [90, 91], [90, 97], [97, 98], [97, 106], [109, 110], [109, 115], [110, 111], [110, 113], [115, 116], [115, 119], [119, 120], [119, 125], [125, 126], [125, 140], [140, 141], [140, 155], [141, 142], [141, 147], [143, 144], [143, 145], [145, 146], [145, 147], [155, 156], [155, 158], [158, 159], [158, 161], [161, 162], [161, 168], [162, 163], [162, 164], [164, 165], [164, 168], [168, 169], [168, 185], [171, 172], [171, 174], [174, 175], [174, 182], [175, 176], [175, 177], [177, 178], [177, 180]]}, "_unify_frozen": {"executed_lines": [198, 199, 201, 202, 204, 207, 212, 237], "summary": {"covered_lines": 8, "num_statements": 28, "percent_covered": 30.434782608695652, "percent_covered_display": "30", "missing_lines": 20, "excluded_lines": 0, "num_branches": 18, "num_partial_branches": 4, "covered_branches": 6, "missing_branches": 12}, "missing_lines": [200, 205, 208, 209, 210, 213, 214, 215, 217, 219, 220, 222, 223, 224, 226, 227, 228, 229, 230, 232], "excluded_lines": [], "executed_branches": [[199, 201], [201, 202], [201, 204], [204, 207], [207, 212], [212, 237]], "missing_branches": [[199, 200], [204, 205], [207, 208], [212, 213], [214, 215], [214, 217], [219, 220], [219, 222], [226, 227], [226, 232], [229, 226], [229, 230]]}, "unify": {"executed_lines": [245], "summary": {"covered_lines": 1, "num_statements": 1, "percent_covered": 100.0, "percent_covered_display": "100", "missing_lines": 0, "excluded_lines": 0, "num_branches": 0, "num_partial_branches": 0, "covered_branches": 0, "missing_branches": 0}, "missing_lines": [], "excluded_lines": [], "executed_branches": [], "missing_branches": []}, "": {"executed_lines": [5, 7, 8, 9, 11, 13, 24, 25, 38, 40, 45, 48, 52, 56, 193, 194, 240], "summary": {"covered_lines": 17, "num_statements": 17, "percent_covered": 100.0, "percent_covered_display": "100", "missing_lines": 0, "excluded_lines": 0, "num_branches": 0, "num_partial_branches": 0, "covered_branches": 0, "missing_branches": 0}, "missing_lines": [], "excluded_lines": [], "executed_branches": [], "missing_branches": []}}, "classes": {"": {"executed_lines": [5, 7, 8, 9, 11, 13, 24, 25, 38, 40, 45, 48, 49, 52, 53, 56, 193, 194, 198, 199, 201, 202, 204, 207, 212, 237, 240, 245], "summary": {"covered_lines": 28, "num_statements": 119, "percent_covered": 18.65284974093264, "percent_covered_display": "19", "missing_lines": 91, "excluded_lines": 0, "num_branches": 74, "num_partial_branches": 6, "covered_branches": 8, "missing_branches": 66}, "missing_lines": [60, 70, 71, 73, 74, 75, 76, 79, 80, 81, 82, 85, 90, 91, 92, 97, 98, 101, 106, 109, 110, 111, 112, 113, 115, 116, 119, 120, 121, 122, 125, 126, 127, 128, 129, 130, 133, 140, 141, 142, 143, 144, 145, 146, 147, 148, 155, 156, 158, 159, 161, 162, 163, 164, 165, 168, 169, 170, 171, 172, 173, 174, 175, 176, 177, 178, 180, 181, 182, 185, 186, 200, 205, 208, 209, 210, 213, 214, 215, 217, 219, 220, 222, 223, 224, 226, 227, 228, 229, 230, 232], "excluded_lines": [], "executed_branches": [[49, 52], [53, 56], [199, 201], [201, 202], [201, 204], [204, 207], [207, 212], [212, 237]], "missing_branches": [[49, -48], [53, -52], [70, 71], [70, 73], [73, 74], [73, 75], [75, 76], [75, 79], [79, 80], [79, 109], [81, 82], [81, 90], [90, 91], [90, 97], [97, 98], [97, 106], [109, 110], [109, 115], [110, 111], [110, 113], [115, 116], [115, 119], [119, 120], [119, 125], [125, 126], [125, 140], [140, 141], [140, 155], [141, 142], [141, 147], [143, 144], [143, 145], [145, 146], [145, 147], [155, 156], [155, 158], [158, 159], [158, 161], [161, 162], [161, 168], [162, 163], [162, 164], [164, 165], [164, 168], [168, 169], [168, 185], [171, 172], [171, 174], [174, 175], [174, 182], [175, 176], [175, 177], [177, 178], [177, 180], [199, 200], [204, 205], [207, 208], [212, 213], [214, 215], [214, 217], [219, 220], [219, 222], [226, 227], [226, 232], [229, 226], [229, 230]]}}}, ".venv/lib/python3.13/site-packages/pyvider/cty/conversion/inference_cache.py": {"executed_lines": [5, 7, 8, 9, 10, 12, 14, 16, 22, 25, 26, 29, 35, 37, 41, 47, 49, 53, 54, 70, 72, 73, 77, 78, 81, 100, 101, 102, 103, 105], "summary": {"covered_lines": 30, "num_statements": 34, "percent_covered": 82.5, "percent_covered_display": "82", "missing_lines": 4, "excluded_lines": 1, "num_branches": 6, "num_partial_branches": 3, "covered_branches": 3, "missing_branches": 3}, "missing_lines": [38, 50, 74, 75], "excluded_lines": [82], "executed_branches": [[35, 37], [47, 49], [73, 77]], "missing_branches": [[35, 38], [47, 50], [73, 74]], "functions": {"get_structural_key_cache": {"executed_lines": [35, 37], "summary": {"covered_lines": 2, "num_statements": 3, "percent_covered": 60.0, "percent_covered_display": "60", "missing_lines": 1, "excluded_lines": 0, "num_branches": 2, "num_partial_branches": 1, "covered_branches": 1, "missing_branches": 1}, "missing_lines": [38], "excluded_lines": [], "executed_branches": [[35, 37]], "missing_branches": [[35, 38]]}, "get_container_schema_cache": {"executed_lines": [47, 49], "summary": {"covered_lines": 2, "num_statements": 3, "percent_covered": 60.0, "percent_covered_display": "60", "missing_lines": 1, "excluded_lines": 0, "num_branches": 2, "num_partial_branches": 1, "covered_branches": 1, "missing_branches": 1}, "missing_lines": [50], "excluded_lines": [], "executed_branches": [[47, 49]], "missing_branches": [[47, 50]]}, "inference_cache_context": {"executed_lines": [70, 72, 73, 77, 78], "summary": {"covered_lines": 5, "num_statements": 7, "percent_covered": 66.66666666666667, "percent_covered_display": "67", "missing_lines": 2, "excluded_lines": 0, "num_branches": 2, "num_partial_branches": 1, "covered_branches": 1, "missing_branches": 1}, "missing_lines": [74, 75], "excluded_lines": [], "executed_branches": [[73, 77]], "missing_branches": [[73, 74]]}, "with_inference_cache": {"executed_lines": [100, 101, 105], "summary": {"covered_lines": 3, "num_statements": 3, "percent_covered": 100.0, "percent_covered_display": "100", "missing_lines": 0, "excluded_lines": 1, "num_branches": 0, "num_partial_branches": 0, "covered_branches": 0, "missing_branches": 0}, "missing_lines": [], "excluded_lines": [82], "executed_branches": [], "missing_branches": []}, "with_inference_cache.wrapper": {"executed_lines": [102, 103], "summary": {"covered_lines": 2, "num_statements": 2, "percent_covered": 100.0, "percent_covered_display": "100", "missing_lines": 0, "excluded_lines": 0, "num_branches": 0, "num_partial_branches": 0, "covered_branches": 0, "missing_branches": 0}, "missing_lines": [], "excluded_lines": [], "executed_branches": [], "missing_branches": []}, "": {"executed_lines": [5, 7, 8, 9, 10, 12, 14, 16, 22, 25, 26, 29, 41, 53, 54, 81], "summary": {"covered_lines": 16, "num_statements": 16, "percent_covered": 100.0, "percent_covered_display": "100", "missing_lines": 0, "excluded_lines": 0, "num_branches": 0, "num_partial_branches": 0, "covered_branches": 0, "missing_branches": 0}, "missing_lines": [], "excluded_lines": [], "executed_branches": [], "missing_branches": []}}, "classes": {"": {"executed_lines": [5, 7, 8, 9, 10, 12, 14, 16, 22, 25, 26, 29, 35, 37, 41, 47, 49, 53, 54, 70, 72, 73, 77, 78, 81, 100, 101, 102, 103, 105], "summary": {"covered_lines": 30, "num_statements": 34, "percent_covered": 82.5, "percent_covered_display": "82", "missing_lines": 4, "excluded_lines": 1, "num_branches": 6, "num_partial_branches": 3, "covered_branches": 3, "missing_branches": 3}, "missing_lines": [38, 50, 74, 75], "excluded_lines": [82], "executed_branches": [[35, 37], [47, 49], [73, 77]], "missing_branches": [[35, 38], [47, 50], [73, 74]]}}}, ".venv/lib/python3.13/site-packages/pyvider/cty/conversion/raw_to_cty.py": {"executed_lines": [5, 7, 8, 11, 13, 14, 16, 17, 22, 23, 26, 28, 29, 30, 31, 32, 33, 36, 44, 47, 50, 51, 54, 55, 59, 62, 65, 66, 89, 97, 99, 102, 105, 106, 108, 109, 112, 118, 120, 121, 125, 126, 127, 130, 131, 132, 134, 135, 137, 140, 141, 144, 146, 151, 152, 153, 154, 155, 158, 159, 160, 163, 164, 170, 178, 191, 192, 194, 197, 200, 204, 205, 206, 207, 210, 211, 212, 213, 215, 216, 218, 219, 220, 221, 223, 224, 226, 227, 232, 233, 235, 239, 240, 241, 243, 244, 245, 253, 254, 256, 263, 265, 266, 268, 272, 273, 274, 275, 276, 277, 278, 281, 283, 284, 288, 289, 290, 294, 297, 298, 299, 301, 304, 306, 308], "summary": {"covered_lines": 125, "num_statements": 159, "percent_covered": 74.05857740585775, "percent_covered_display": "74", "missing_lines": 34, "excluded_lines": 0, "num_branches": 80, "num_partial_branches": 20, "covered_branches": 52, "missing_branches": 28}, "missing_lines": [67, 69, 72, 73, 74, 76, 79, 80, 83, 84, 86, 100, 123, 143, 195, 198, 208, 234, 236, 237, 242, 251, 257, 258, 259, 260, 261, 264, 267, 269, 270, 280, 285, 286], "excluded_lines": [], "executed_branches": [[29, 30], [29, 31], [31, 32], [44, 47], [44, 59], [47, 50], [47, 54], [59, 62], [62, 65], [62, 66], [99, 102], [121, 125], [130, 131], [130, 151], [134, 135], [134, 137], [137, 140], [137, 146], [140, 141], [151, 152], [151, 158], [191, 192], [191, 194], [194, 197], [197, 200], [205, 206], [207, 210], [215, 216], [215, 294], [218, 219], [218, 256], [223, 224], [223, 226], [232, 233], [232, 241], [233, 235], [235, 239], [241, 243], [243, 244], [256, 263], [263, 265], [266, 268], [268, 272], [272, 273], [272, 283], [273, 274], [273, 275], [275, 276], [275, 277], [277, 278], [284, 288], [297, 298]], "missing_branches": [[31, 33], [59, 67], [67, 69], [67, 74], [69, 72], [69, 73], [74, 76], [74, 86], [76, 79], [76, 83], [99, 100], [121, 123], [140, 143], [194, 195], [197, 198], [205, 210], [207, 208], [233, 234], [235, 236], [241, 242], [243, 251], [256, 257], [263, 264], [266, 267], [268, 269], [277, 280], [284, 285], [297, 301]], "functions": {"_extract_container_children": {"executed_lines": [28, 29, 30, 31, 32, 33], "summary": {"covered_lines": 6, "num_statements": 6, "percent_covered": 90.0, "percent_covered_display": "90", "missing_lines": 0, "excluded_lines": 0, "num_branches": 4, "num_partial_branches": 1, "covered_branches": 3, "missing_branches": 1}, "missing_lines": [], "excluded_lines": [], "executed_branches": [[29, 30], [29, 31], [31, 32]], "missing_branches": [[31, 33]]}, "_generate_container_cache_key": {"executed_lines": [44, 47, 50, 51, 54, 55, 59, 62, 65, 66], "summary": {"covered_lines": 10, "num_statements": 21, "percent_covered": 45.945945945945944, "percent_covered_display": "46", "missing_lines": 11, "excluded_lines": 0, "num_branches": 16, "num_partial_branches": 1, "covered_branches": 7, "missing_branches": 9}, "missing_lines": [67, 69, 72, 73, 74, 76, 79, 80, 83, 84, 86], "excluded_lines": [], "executed_branches": [[44, 47], [44, 59], [47, 50], [47, 54], [59, 62], [62, 65], [62, 66]], "missing_branches": [[59, 67], [67, 69], [67, 74], [69, 72], [69, 73], [74, 76], [74, 86], [76, 79], [76, 83]]}, "_process_container_children": {"executed_lines": [97, 99, 102, 105, 106, 108, 109], "summary": {"covered_lines": 7, "num_statements": 8, "percent_covered": 80.0, "percent_covered_display": "80", "missing_lines": 1, "excluded_lines": 0, "num_branches": 2, "num_partial_branches": 1, "covered_branches": 1, "missing_branches": 1}, "missing_lines": [100], "excluded_lines": [], "executed_branches": [[99, 102]], "missing_branches": [[99, 100]]}, "_get_structural_cache_key": {"executed_lines": [118, 120, 121, 125, 126, 127, 130, 131, 132, 134, 135, 137, 140, 141, 144, 146, 151, 152, 153, 154, 155, 158, 159, 160], "summary": {"covered_lines": 24, "num_statements": 26, "percent_covered": 89.47368421052632, "percent_covered_display": "89", "missing_lines": 2, "excluded_lines": 0, "num_branches": 12, "num_partial_branches": 2, "covered_branches": 10, "missing_branches": 2}, "missing_lines": [123, 143], "excluded_lines": [], "executed_branches": [[121, 125], [130, 131], [130, 151], [134, 135], [134, 137], [137, 140], [137, 146], [140, 141], [151, 152], [151, 158]], "missing_branches": [[121, 123], [140, 143]]}, "infer_cty_type_from_raw": {"executed_lines": [170, 178, 191, 192, 194, 197, 200, 204, 205, 206, 207, 210, 211, 212, 213, 215, 216, 218, 219, 220, 221, 223, 224, 226, 227, 232, 233, 235, 239, 240, 241, 243, 244, 245, 253, 254, 256, 263, 265, 266, 268, 272, 273, 274, 275, 276, 277, 278, 281, 283, 284, 288, 289, 290, 294, 297, 298, 299, 301], "summary": {"covered_lines": 59, "num_statements": 79, "percent_covered": 72.0, "percent_covered_display": "72", "missing_lines": 20, "excluded_lines": 0, "num_branches": 46, "num_partial_branches": 15, "covered_branches": 31, "missing_branches": 15}, "missing_lines": [195, 198, 208, 234, 236, 237, 242, 251, 257, 258, 259, 260, 261, 264, 267, 269, 270, 280, 285, 286], "excluded_lines": [], "executed_branches": [[191, 192], [191, 194], [194, 197], [197, 200], [205, 206], [207, 210], [215, 216], [215, 294], [218, 219], [218, 256], [223, 224], [223, 226], [232, 233], [232, 241], [233, 235], [235, 239], [241, 243], [243, 244], [256, 263], [263, 265], [266, 268], [268, 272], [272, 273], [272, 283], [273, 274], [273, 275], [275, 276], [275, 277], [277, 278], [284, 288], [297, 298]], "missing_branches": [[194, 195], [197, 198], [205, 210], [207, 208], [233, 234], [235, 236], [241, 242], [243, 251], [256, 257], [263, 264], [266, 267], [268, 269], [277, 280], [284, 285], [297, 301]]}, "_unify_types": {"executed_lines": [306, 308], "summary": {"covered_lines": 2, "num_statements": 2, "percent_covered": 100.0, "percent_covered_display": "100", "missing_lines": 0, "excluded_lines": 0, "num_branches": 0, "num_partial_branches": 0, "covered_branches": 0, "missing_branches": 0}, "missing_lines": [], "excluded_lines": [], "executed_branches": [], "missing_branches": []}, "": {"executed_lines": [5, 7, 8, 11, 13, 14, 16, 17, 22, 23, 26, 36, 89, 112, 163, 164, 304], "summary": {"covered_lines": 17, "num_statements": 17, "percent_covered": 100.0, "percent_covered_display": "100", "missing_lines": 0, "excluded_lines": 0, "num_branches": 0, "num_partial_branches": 0, "covered_branches": 0, "missing_branches": 0}, "missing_lines": [], "excluded_lines": [], "executed_branches": [], "missing_branches": []}}, "classes": {"": {"executed_lines": [5, 7, 8, 11, 13, 14, 16, 17, 22, 23, 26, 28, 29, 30, 31, 32, 33, 36, 44, 47, 50, 51, 54, 55, 59, 62, 65, 66, 89, 97, 99, 102, 105, 106, 108, 109, 112, 118, 120, 121, 125, 126, 127, 130, 131, 132, 134, 135, 137, 140, 141, 144, 146, 151, 152, 153, 154, 155, 158, 159, 160, 163, 164, 170, 178, 191, 192, 194, 197, 200, 204, 205, 206, 207, 210, 211, 212, 213, 215, 216, 218, 219, 220, 221, 223, 224, 226, 227, 232, 233, 235, 239, 240, 241, 243, 244, 245, 253, 254, 256, 263, 265, 266, 268, 272, 273, 274, 275, 276, 277, 278, 281, 283, 284, 288, 289, 290, 294, 297, 298, 299, 301, 304, 306, 308], "summary": {"covered_lines": 125, "num_statements": 159, "percent_covered": 74.05857740585775, "percent_covered_display": "74", "missing_lines": 34, "excluded_lines": 0, "num_branches": 80, "num_partial_branches": 20, "covered_branches": 52, "missing_branches": 28}, "missing_lines": [67, 69, 72, 73, 74, 76, 79, 80, 83, 84, 86, 100, 123, 143, 195, 198, 208, 234, 236, 237, 242, 251, 257, 258, 259, 260, 261, 264, 267, 269, 270, 280, 285, 286], "excluded_lines": [], "executed_branches": [[29, 30], [29, 31], [31, 32], [44, 47], [44, 59], [47, 50], [47, 54], [59, 62], [62, 65], [62, 66], [99, 102], [121, 125], [130, 131], [130, 151], [134, 135], [134, 137], [137, 140], [137, 146], [140, 141], [151, 152], [151, 158], [191, 192], [191, 194], [194, 197], [197, 200], [205, 206], [207, 210], [215, 216], [215, 294], [218, 219], [218, 256], [223, 224], [223, 226], [232, 233], [232, 241], [233, 235], [235, 239], [241, 243], [243, 244], [256, 263], [263, 265], [266, 268], [268, 272], [272, 273], [272, 283], [273, 274], [273, 275], [275, 276], [275, 277], [277, 278], [284, 288], [297, 298]], "missing_branches": [[31, 33], [59, 67], [67, 69], [67, 74], [69, 72], [69, 73], [74, 76], [74, 86], [76, 79], [76, 83], [99, 100], [121, 123], [140, 143], [194, 195], [197, 198], [205, 210], [207, 208], [233, 234], [235, 236], [241, 242], [243, 251], [256, 257], [263, 264], [266, 267], [268, 269], [277, 280], [284, 285], [297, 301]]}}}, ".venv/lib/python3.13/site-packages/pyvider/cty/conversion/type_encoder.py": {"executed_lines": [5, 8, 10, 11, 14, 19, 22], "summary": {"covered_lines": 7, "num_statements": 9, "percent_covered": 72.72727272727273, "percent_covered_display": "73", "missing_lines": 2, "excluded_lines": 0, "num_branches": 2, "num_partial_branches": 1, "covered_branches": 1, "missing_branches": 1}, "missing_lines": [20, 21], "excluded_lines": [], "executed_branches": [[19, 22]], "missing_branches": [[19, 20]], "functions": {"encode_cty_type_to_wire_json": {"executed_lines": [19, 22], "summary": {"covered_lines": 2, "num_statements": 4, "percent_covered": 50.0, "percent_covered_display": "50", "missing_lines": 2, "excluded_lines": 0, "num_branches": 2, "num_partial_branches": 1, "covered_branches": 1, "missing_branches": 1}, "missing_lines": [20, 21], "excluded_lines": [], "executed_branches": [[19, 22]], "missing_branches": [[19, 20]]}, "": {"executed_lines": [5, 8, 10, 11, 14], "summary": {"covered_lines": 5, "num_statements": 5, "percent_covered": 100.0, "percent_covered_display": "100", "missing_lines": 0, "excluded_lines": 0, "num_branches": 0, "num_partial_branches": 0, "covered_branches": 0, "missing_branches": 0}, "missing_lines": [], "excluded_lines": [], "executed_branches": [], "missing_branches": []}}, "classes": {"": {"executed_lines": [5, 8, 10, 11, 14, 19, 22], "summary": {"covered_lines": 7, "num_statements": 9, "percent_covered": 72.72727272727273, "percent_covered_display": "73", "missing_lines": 2, "excluded_lines": 0, "num_branches": 2, "num_partial_branches": 1, "covered_branches": 1, "missing_branches": 1}, "missing_lines": [20, 21], "excluded_lines": [], "executed_branches": [[19, 22]], "missing_branches": [[19, 20]]}}}, ".venv/lib/python3.13/site-packages/pyvider/cty/exceptions/__init__.py": {"executed_lines": [5, 7, 8, 13, 25, 40, 44], "summary": {"covered_lines": 7, "num_statements": 7, "percent_covered": 100.0, "percent_covered_display": "100", "missing_lines": 0, "excluded_lines": 0, "num_branches": 0, "num_partial_branches": 0, "covered_branches": 0, "missing_branches": 0}, "missing_lines": [], "excluded_lines": [], "executed_branches": [], "missing_branches": [], "functions": {"": {"executed_lines": [5, 7, 8, 13, 25, 40, 44], "summary": {"covered_lines": 7, "num_statements": 7, "percent_covered": 100.0, "percent_covered_display": "100", "missing_lines": 0, "excluded_lines": 0, "num_branches": 0, "num_partial_branches": 0, "covered_branches": 0, "missing_branches": 0}, "missing_lines": [], "excluded_lines": [], "executed_branches": [], "missing_branches": []}}, "classes": {"": {"executed_lines": [5, 7, 8, 13, 25, 40, 44], "summary": {"covered_lines": 7, "num_statements": 7, "percent_covered": 100.0, "percent_covered_display": "100", "missing_lines": 0, "excluded_lines": 0, "num_branches": 0, "num_partial_branches": 0, "covered_branches": 0, "missing_branches": 0}, "missing_lines": [], "excluded_lines": [], "executed_branches": [], "missing_branches": []}}}, ".venv/lib/python3.13/site-packages/pyvider/cty/exceptions/base.py": {"executed_lines": [5, 7, 9, 14, 19, 20, 34, 38, 42, 43, 53, 82], "summary": {"covered_lines": 10, "num_statements": 27, "percent_covered": 30.303030303030305, "percent_covered_display": "30", "missing_lines": 17, "excluded_lines": 0, "num_branches": 6, "num_partial_branches": 0, "covered_branches": 0, "missing_branches": 6}, "missing_lines": [35, 36, 39, 61, 62, 65, 66, 67, 69, 70, 72, 73, 74, 77, 78, 80, 83], "excluded_lines": [], "executed_branches": [], "missing_branches": [[69, 70], [69, 72], [72, 73], [72, 77], [77, 78], [77, 80]], "functions": {"CtyError.__init__": {"executed_lines": [], "summary": {"covered_lines": 0, "num_statements": 2, "percent_covered": 0.0, "percent_covered_display": "0", "missing_lines": 2, "excluded_lines": 0, "num_branches": 0, "num_partial_branches": 0, "covered_branches": 0, "missing_branches": 0}, "missing_lines": [35, 36], "excluded_lines": [], "executed_branches": [], "missing_branches": []}, "CtyError._default_code": {"executed_lines": [], "summary": {"covered_lines": 0, "num_statements": 1, "percent_covered": 0.0, "percent_covered_display": "0", "missing_lines": 1, "excluded_lines": 0, "num_branches": 0, "num_partial_branches": 0, "covered_branches": 0, "missing_branches": 0}, "missing_lines": [39], "excluded_lines": [], "executed_branches": [], "missing_branches": []}, "CtyFunctionError.__init__": {"executed_lines": [], "summary": {"covered_lines": 0, "num_statements": 13, "percent_covered": 0.0, "percent_covered_display": "0", "missing_lines": 13, "excluded_lines": 0, "num_branches": 6, "num_partial_branches": 0, "covered_branches": 0, "missing_branches": 6}, "missing_lines": [61, 62, 65, 66, 67, 69, 70, 72, 73, 74, 77, 78, 80], "excluded_lines": [], "executed_branches": [], "missing_branches": [[69, 70], [69, 72], [72, 73], [72, 77], [77, 78], [77, 80]]}, "CtyFunctionError._default_code": {"executed_lines": [], "summary": {"covered_lines": 0, "num_statements": 1, "percent_covered": 0.0, "percent_covered_display": "0", "missing_lines": 1, "excluded_lines": 0, "num_branches": 0, "num_partial_branches": 0, "covered_branches": 0, "missing_branches": 0}, "missing_lines": [83], "excluded_lines": [], "executed_branches": [], "missing_branches": []}, "": {"executed_lines": [5, 7, 9, 14, 19, 20, 34, 38, 42, 43, 53, 82], "summary": {"covered_lines": 10, "num_statements": 10, "percent_covered": 100.0, "percent_covered_display": "100", "missing_lines": 0, "excluded_lines": 0, "num_branches": 0, "num_partial_branches": 0, "covered_branches": 0, "missing_branches": 0}, "missing_lines": [], "excluded_lines": [], "executed_branches": [], "missing_branches": []}}, "classes": {"CtyError": {"executed_lines": [], "summary": {"covered_lines": 0, "num_statements": 3, "percent_covered": 0.0, "percent_covered_display": "0", "missing_lines": 3, "excluded_lines": 0, "num_branches": 0, "num_partial_branches": 0, "covered_branches": 0, "missing_branches": 0}, "missing_lines": [35, 36, 39], "excluded_lines": [], "executed_branches": [], "missing_branches": []}, "CtyFunctionError": {"executed_lines": [], "summary": {"covered_lines": 0, "num_statements": 14, "percent_covered": 0.0, "percent_covered_display": "0", "missing_lines": 14, "excluded_lines": 0, "num_branches": 6, "num_partial_branches": 0, "covered_branches": 0, "missing_branches": 6}, "missing_lines": [61, 62, 65, 66, 67, 69, 70, 72, 73, 74, 77, 78, 80, 83], "excluded_lines": [], "executed_branches": [], "missing_branches": [[69, 70], [69, 72], [72, 73], [72, 77], [77, 78], [77, 80]]}, "": {"executed_lines": [5, 7, 9, 14, 19, 20, 34, 38, 42, 43, 53, 82], "summary": {"covered_lines": 10, "num_statements": 10, "percent_covered": 100.0, "percent_covered_display": "100", "missing_lines": 0, "excluded_lines": 0, "num_branches": 0, "num_partial_branches": 0, "covered_branches": 0, "missing_branches": 0}, "missing_lines": [], "excluded_lines": [], "executed_branches": [], "missing_branches": []}}}, ".venv/lib/python3.13/site-packages/pyvider/cty/exceptions/conversion.py": {"executed_lines": [5, 7, 9, 12, 17, 18, 20, 71, 75, 76, 78, 109, 110, 112, 125], "summary": {"covered_lines": 12, "num_statements": 50, "percent_covered": 19.35483870967742, "percent_covered_display": "19", "missing_lines": 38, "excluded_lines": 0, "num_branches": 12, "num_partial_branches": 0, "covered_branches": 0, "missing_branches": 12}, "missing_lines": [37, 38, 41, 42, 43, 46, 47, 48, 50, 51, 54, 55, 56, 57, 58, 60, 61, 62, 63, 64, 66, 67, 69, 72, 96, 99, 100, 102, 103, 104, 106, 113, 116, 117, 118, 119, 121, 122], "excluded_lines": [], "executed_branches": [], "missing_branches": [[47, 48], [47, 60], [54, 55], [54, 60], [57, 58], [57, 60], [60, 61], [60, 66], [66, 67], [66, 69], [102, 103], [102, 106]], "functions": {"CtyConversionError.__init__": {"executed_lines": [], "summary": {"covered_lines": 0, "num_statements": 23, "percent_covered": 0.0, "percent_covered_display": "0", "missing_lines": 23, "excluded_lines": 0, "num_branches": 10, "num_partial_branches": 0, "covered_branches": 0, "missing_branches": 10}, "missing_lines": [37, 38, 41, 42, 43, 46, 47, 48, 50, 51, 54, 55, 56, 57, 58, 60, 61, 62, 63, 64, 66, 67, 69], "excluded_lines": [], "executed_branches": [], "missing_branches": [[47, 48], [47, 60], [54, 55], [54, 60], [57, 58], [57, 60], [60, 61], [60, 66], [66, 67], [66, 69]]}, "CtyConversionError._default_code": {"executed_lines": [], "summary": {"covered_lines": 0, "num_statements": 1, "percent_covered": 0.0, "percent_covered_display": "0", "missing_lines": 1, "excluded_lines": 0, "num_branches": 0, "num_partial_branches": 0, "covered_branches": 0, "missing_branches": 0}, "missing_lines": [72], "excluded_lines": [], "executed_branches": [], "missing_branches": []}, "CtyTypeConversionError.__init__": {"executed_lines": [], "summary": {"covered_lines": 0, "num_statements": 7, "percent_covered": 0.0, "percent_covered_display": "0", "missing_lines": 7, "excluded_lines": 0, "num_branches": 2, "num_partial_branches": 0, "covered_branches": 0, "missing_branches": 2}, "missing_lines": [96, 99, 100, 102, 103, 104, 106], "excluded_lines": [], "executed_branches": [], "missing_branches": [[102, 103], [102, 106]]}, "CtyTypeParseError.__init__": {"executed_lines": [], "summary": {"covered_lines": 0, "num_statements": 7, "percent_covered": 0.0, "percent_covered_display": "0", "missing_lines": 7, "excluded_lines": 0, "num_branches": 0, "num_partial_branches": 0, "covered_branches": 0, "missing_branches": 0}, "missing_lines": [113, 116, 117, 118, 119, 121, 122], "excluded_lines": [], "executed_branches": [], "missing_branches": []}, "": {"executed_lines": [5, 7, 9, 12, 17, 18, 20, 71, 75, 76, 78, 109, 110, 112, 125], "summary": {"covered_lines": 12, "num_statements": 12, "percent_covered": 100.0, "percent_covered_display": "100", "missing_lines": 0, "excluded_lines": 0, "num_branches": 0, "num_partial_branches": 0, "covered_branches": 0, "missing_branches": 0}, "missing_lines": [], "excluded_lines": [], "executed_branches": [], "missing_branches": []}}, "classes": {"CtyConversionError": {"executed_lines": [], "summary": {"covered_lines": 0, "num_statements": 24, "percent_covered": 0.0, "percent_covered_display": "0", "missing_lines": 24, "excluded_lines": 0, "num_branches": 10, "num_partial_branches": 0, "covered_branches": 0, "missing_branches": 10}, "missing_lines": [37, 38, 41, 42, 43, 46, 47, 48, 50, 51, 54, 55, 56, 57, 58, 60, 61, 62, 63, 64, 66, 67, 69, 72], "excluded_lines": [], "executed_branches": [], "missing_branches": [[47, 48], [47, 60], [54, 55], [54, 60], [57, 58], [57, 60], [60, 61], [60, 66], [66, 67], [66, 69]]}, "CtyTypeConversionError": {"executed_lines": [], "summary": {"covered_lines": 0, "num_statements": 7, "percent_covered": 0.0, "percent_covered_display": "0", "missing_lines": 7, "excluded_lines": 0, "num_branches": 2, "num_partial_branches": 0, "covered_branches": 0, "missing_branches": 2}, "missing_lines": [96, 99, 100, 102, 103, 104, 106], "excluded_lines": [], "executed_branches": [], "missing_branches": [[102, 103], [102, 106]]}, "CtyTypeParseError": {"executed_lines": [], "summary": {"covered_lines": 0, "num_statements": 7, "percent_covered": 0.0, "percent_covered_display": "0", "missing_lines": 7, "excluded_lines": 0, "num_branches": 0, "num_partial_branches": 0, "covered_branches": 0, "missing_branches": 0}, "missing_lines": [113, 116, 117, 118, 119, 121, 122], "excluded_lines": [], "executed_branches": [], "missing_branches": []}, "": {"executed_lines": [5, 7, 9, 12, 17, 18, 20, 71, 75, 76, 78, 109, 110, 112, 125], "summary": {"covered_lines": 12, "num_statements": 12, "percent_covered": 100.0, "percent_covered_display": "100", "missing_lines": 0, "excluded_lines": 0, "num_branches": 0, "num_partial_branches": 0, "covered_branches": 0, "missing_branches": 0}, "missing_lines": [], "excluded_lines": [], "executed_branches": [], "missing_branches": []}}}, ".venv/lib/python3.13/site-packages/pyvider/cty/exceptions/encoding.py": {"executed_lines": [5, 7, 9, 14, 24, 25, 38, 85, 86, 98, 120, 121, 135, 170, 171, 183, 231, 232, 245, 274, 275, 287, 312, 313, 325, 336, 337, 349, 371, 372, 384, 402, 403, 415], "summary": {"covered_lines": 24, "num_statements": 126, "percent_covered": 14.285714285714286, "percent_covered_display": "14", "missing_lines": 102, "excluded_lines": 0, "num_branches": 42, "num_partial_branches": 0, "covered_branches": 0, "missing_branches": 42}, "missing_lines": [54, 55, 59, 60, 61, 63, 64, 65, 67, 68, 69, 70, 72, 73, 74, 75, 76, 77, 79, 80, 82, 106, 109, 110, 111, 113, 114, 115, 117, 144, 145, 148, 149, 150, 152, 153, 154, 155, 157, 158, 159, 160, 162, 198, 199, 201, 204, 205, 206, 208, 209, 210, 212, 213, 215, 216, 217, 220, 221, 224, 226, 228, 260, 263, 264, 266, 267, 268, 269, 271, 303, 304, 306, 307, 309, 333, 358, 360, 363, 364, 366, 367, 368, 393, 394, 395, 396, 397, 398, 399, 432, 433, 436, 440, 442, 443, 444, 445, 446, 447, 448, 450], "excluded_lines": [], "executed_branches": [], "missing_branches": [[63, 64], [63, 67], [67, 68], [67, 72], [73, 74], [73, 75], [75, 76], [75, 79], [79, 80], [79, 82], [113, 114], [113, 117], [152, 153], [152, 157], [154, 155], [154, 157], [157, 158], [157, 162], [159, 160], [159, 162], [208, 209], [208, 212], [212, 213], [212, 224], [224, 226], [224, 228], [266, 267], [266, 271], [268, 269], [268, 271], [306, 307], [306, 309], [363, -349], [363, 364], [395, -384], [395, 396], [442, 443], [442, 447], [444, 445], [444, 446], [447, 448], [447, 450]], "functions": {"TransformationError.__init__": {"executed_lines": [], "summary": {"covered_lines": 0, "num_statements": 21, "percent_covered": 0.0, "percent_covered_display": "0", "missing_lines": 21, "excluded_lines": 0, "num_branches": 10, "num_partial_branches": 0, "covered_branches": 0, "missing_branches": 10}, "missing_lines": [54, 55, 59, 60, 61, 63, 64, 65, 67, 68, 69, 70, 72, 73, 74, 75, 76, 77, 79, 80, 82], "excluded_lines": [], "executed_branches": [], "missing_branches": [[63, 64], [63, 67], [67, 68], [67, 72], [73, 74], [73, 75], [75, 76], [75, 79], [79, 80], [79, 82]]}, "InvalidTypeError.__init__": {"executed_lines": [], "summary": {"covered_lines": 0, "num_statements": 8, "percent_covered": 0.0, "percent_covered_display": "0", "missing_lines": 8, "excluded_lines": 0, "num_branches": 2, "num_partial_branches": 0, "covered_branches": 0, "missing_branches": 2}, "missing_lines": [106, 109, 110, 111, 113, 114, 115, 117], "excluded_lines": [], "executed_branches": [], "missing_branches": [[113, 114], [113, 117]]}, "AttributePathError.__init__": {"executed_lines": [], "summary": {"covered_lines": 0, "num_statements": 14, "percent_covered": 0.0, "percent_covered_display": "0", "missing_lines": 14, "excluded_lines": 0, "num_branches": 8, "num_partial_branches": 0, "covered_branches": 0, "missing_branches": 8}, "missing_lines": [144, 145, 148, 149, 150, 152, 153, 154, 155, 157, 158, 159, 160, 162], "excluded_lines": [], "executed_branches": [], "missing_branches": [[152, 153], [152, 157], [154, 155], [154, 157], [157, 158], [157, 162], [159, 160], [159, 162]]}, "EncodingError.__init__": {"executed_lines": [], "summary": {"covered_lines": 0, "num_statements": 19, "percent_covered": 0.0, "percent_covered_display": "0", "missing_lines": 19, "excluded_lines": 0, "num_branches": 6, "num_partial_branches": 0, "covered_branches": 0, "missing_branches": 6}, "missing_lines": [198, 199, 201, 204, 205, 206, 208, 209, 210, 212, 213, 215, 216, 217, 220, 221, 224, 226, 228], "excluded_lines": [], "executed_branches": [], "missing_branches": [[208, 209], [208, 212], [212, 213], [212, 224], [224, 226], [224, 228]]}, "SerializationError.__init__": {"executed_lines": [], "summary": {"covered_lines": 0, "num_statements": 8, "percent_covered": 0.0, "percent_covered_display": "0", "missing_lines": 8, "excluded_lines": 0, "num_branches": 4, "num_partial_branches": 0, "covered_branches": 0, "missing_branches": 4}, "missing_lines": [260, 263, 264, 266, 267, 268, 269, 271], "excluded_lines": [], "executed_branches": [], "missing_branches": [[266, 267], [266, 271], [268, 269], [268, 271]]}, "DeserializationError.__init__": {"executed_lines": [], "summary": {"covered_lines": 0, "num_statements": 5, "percent_covered": 0.0, "percent_covered_display": "0", "missing_lines": 5, "excluded_lines": 0, "num_branches": 2, "num_partial_branches": 0, "covered_branches": 0, "missing_branches": 2}, "missing_lines": [303, 304, 306, 307, 309], "excluded_lines": [], "executed_branches": [], "missing_branches": [[306, 307], [306, 309]]}, "DynamicValueError.__init__": {"executed_lines": [], "summary": {"covered_lines": 0, "num_statements": 1, "percent_covered": 0.0, "percent_covered_display": "0", "missing_lines": 1, "excluded_lines": 0, "num_branches": 0, "num_partial_branches": 0, "covered_branches": 0, "missing_branches": 0}, "missing_lines": [333], "excluded_lines": [], "executed_branches": [], "missing_branches": []}, "JsonEncodingError.__init__": {"executed_lines": [], "summary": {"covered_lines": 0, "num_statements": 7, "percent_covered": 0.0, "percent_covered_display": "0", "missing_lines": 7, "excluded_lines": 0, "num_branches": 2, "num_partial_branches": 0, "covered_branches": 0, "missing_branches": 2}, "missing_lines": [358, 360, 363, 364, 366, 367, 368], "excluded_lines": [], "executed_branches": [], "missing_branches": [[363, -349], [363, 364]]}, "MsgPackEncodingError.__init__": {"executed_lines": [], "summary": {"covered_lines": 0, "num_statements": 7, "percent_covered": 0.0, "percent_covered_display": "0", "missing_lines": 7, "excluded_lines": 0, "num_branches": 2, "num_partial_branches": 0, "covered_branches": 0, "missing_branches": 2}, "missing_lines": [393, 394, 395, 396, 397, 398, 399], "excluded_lines": [], "executed_branches": [], "missing_branches": [[395, -384], [395, 396]]}, "WireFormatError.__init__": {"executed_lines": [], "summary": {"covered_lines": 0, "num_statements": 12, "percent_covered": 0.0, "percent_covered_display": "0", "missing_lines": 12, "excluded_lines": 0, "num_branches": 6, "num_partial_branches": 0, "covered_branches": 0, "missing_branches": 6}, "missing_lines": [432, 433, 436, 440, 442, 443, 444, 445, 446, 447, 448, 450], "excluded_lines": [], "executed_branches": [], "missing_branches": [[442, 443], [442, 447], [444, 445], [444, 446], [447, 448], [447, 450]]}, "": {"executed_lines": [5, 7, 9, 14, 24, 25, 38, 85, 86, 98, 120, 121, 135, 170, 171, 183, 231, 232, 245, 274, 275, 287, 312, 313, 325, 336, 337, 349, 371, 372, 384, 402, 403, 415], "summary": {"covered_lines": 24, "num_statements": 24, "percent_covered": 100.0, "percent_covered_display": "100", "missing_lines": 0, "excluded_lines": 0, "num_branches": 0, "num_partial_branches": 0, "covered_branches": 0, "missing_branches": 0}, "missing_lines": [], "excluded_lines": [], "executed_branches": [], "missing_branches": []}}, "classes": {"TransformationError": {"executed_lines": [], "summary": {"covered_lines": 0, "num_statements": 21, "percent_covered": 0.0, "percent_covered_display": "0", "missing_lines": 21, "excluded_lines": 0, "num_branches": 10, "num_partial_branches": 0, "covered_branches": 0, "missing_branches": 10}, "missing_lines": [54, 55, 59, 60, 61, 63, 64, 65, 67, 68, 69, 70, 72, 73, 74, 75, 76, 77, 79, 80, 82], "excluded_lines": [], "executed_branches": [], "missing_branches": [[63, 64], [63, 67], [67, 68], [67, 72], [73, 74], [73, 75], [75, 76], [75, 79], [79, 80], [79, 82]]}, "InvalidTypeError": {"executed_lines": [], "summary": {"covered_lines": 0, "num_statements": 8, "percent_covered": 0.0, "percent_covered_display": "0", "missing_lines": 8, "excluded_lines": 0, "num_branches": 2, "num_partial_branches": 0, "covered_branches": 0, "missing_branches": 2}, "missing_lines": [106, 109, 110, 111, 113, 114, 115, 117], "excluded_lines": [], "executed_branches": [], "missing_branches": [[113, 114], [113, 117]]}, "AttributePathError": {"executed_lines": [], "summary": {"covered_lines": 0, "num_statements": 14, "percent_covered": 0.0, "percent_covered_display": "0", "missing_lines": 14, "excluded_lines": 0, "num_branches": 8, "num_partial_branches": 0, "covered_branches": 0, "missing_branches": 8}, "missing_lines": [144, 145, 148, 149, 150, 152, 153, 154, 155, 157, 158, 159, 160, 162], "excluded_lines": [], "executed_branches": [], "missing_branches": [[152, 153], [152, 157], [154, 155], [154, 157], [157, 158], [157, 162], [159, 160], [159, 162]]}, "EncodingError": {"executed_lines": [], "summary": {"covered_lines": 0, "num_statements": 19, "percent_covered": 0.0, "percent_covered_display": "0", "missing_lines": 19, "excluded_lines": 0, "num_branches": 6, "num_partial_branches": 0, "covered_branches": 0, "missing_branches": 6}, "missing_lines": [198, 199, 201, 204, 205, 206, 208, 209, 210, 212, 213, 215, 216, 217, 220, 221, 224, 226, 228], "excluded_lines": [], "executed_branches": [], "missing_branches": [[208, 209], [208, 212], [212, 213], [212, 224], [224, 226], [224, 228]]}, "SerializationError": {"executed_lines": [], "summary": {"covered_lines": 0, "num_statements": 8, "percent_covered": 0.0, "percent_covered_display": "0", "missing_lines": 8, "excluded_lines": 0, "num_branches": 4, "num_partial_branches": 0, "covered_branches": 0, "missing_branches": 4}, "missing_lines": [260, 263, 264, 266, 267, 268, 269, 271], "excluded_lines": [], "executed_branches": [], "missing_branches": [[266, 267], [266, 271], [268, 269], [268, 271]]}, "DeserializationError": {"executed_lines": [], "summary": {"covered_lines": 0, "num_statements": 5, "percent_covered": 0.0, "percent_covered_display": "0", "missing_lines": 5, "excluded_lines": 0, "num_branches": 2, "num_partial_branches": 0, "covered_branches": 0, "missing_branches": 2}, "missing_lines": [303, 304, 306, 307, 309], "excluded_lines": [], "executed_branches": [], "missing_branches": [[306, 307], [306, 309]]}, "DynamicValueError": {"executed_lines": [], "summary": {"covered_lines": 0, "num_statements": 1, "percent_covered": 0.0, "percent_covered_display": "0", "missing_lines": 1, "excluded_lines": 0, "num_branches": 0, "num_partial_branches": 0, "covered_branches": 0, "missing_branches": 0}, "missing_lines": [333], "excluded_lines": [], "executed_branches": [], "missing_branches": []}, "JsonEncodingError": {"executed_lines": [], "summary": {"covered_lines": 0, "num_statements": 7, "percent_covered": 0.0, "percent_covered_display": "0", "missing_lines": 7, "excluded_lines": 0, "num_branches": 2, "num_partial_branches": 0, "covered_branches": 0, "missing_branches": 2}, "missing_lines": [358, 360, 363, 364, 366, 367, 368], "excluded_lines": [], "executed_branches": [], "missing_branches": [[363, -349], [363, 364]]}, "MsgPackEncodingError": {"executed_lines": [], "summary": {"covered_lines": 0, "num_statements": 7, "percent_covered": 0.0, "percent_covered_display": "0", "missing_lines": 7, "excluded_lines": 0, "num_branches": 2, "num_partial_branches": 0, "covered_branches": 0, "missing_branches": 2}, "missing_lines": [393, 394, 395, 396, 397, 398, 399], "excluded_lines": [], "executed_branches": [], "missing_branches": [[395, -384], [395, 396]]}, "WireFormatError": {"executed_lines": [], "summary": {"covered_lines": 0, "num_statements": 12, "percent_covered": 0.0, "percent_covered_display": "0", "missing_lines": 12, "excluded_lines": 0, "num_branches": 6, "num_partial_branches": 0, "covered_branches": 0, "missing_branches": 6}, "missing_lines": [432, 433, 436, 440, 442, 443, 444, 445, 446, 447, 448, 450], "excluded_lines": [], "executed_branches": [], "missing_branches": [[442, 443], [442, 447], [444, 445], [444, 446], [447, 448], [447, 450]]}, "": {"executed_lines": [5, 7, 9, 14, 24, 25, 38, 85, 86, 98, 120, 121, 135, 170, 171, 183, 231, 232, 245, 274, 275, 287, 312, 313, 325, 336, 337, 349, 371, 372, 384, 402, 403, 415], "summary": {"covered_lines": 24, "num_statements": 24, "percent_covered": 100.0, "percent_covered_display": "100", "missing_lines": 0, "excluded_lines": 0, "num_branches": 0, "num_partial_branches": 0, "covered_branches": 0, "missing_branches": 0}, "missing_lines": [], "excluded_lines": [], "executed_branches": [], "missing_branches": []}}}, ".venv/lib/python3.13/site-packages/pyvider/cty/exceptions/validation.py": {"executed_lines": [5, 7, 9, 11, 16, 17, 23, 31, 32, 33, 34, 37, 40, 41, 42, 43, 44, 47, 48, 50, 51, 52, 57, 59, 61, 62, 64, 66, 67, 69, 70, 72, 75, 77, 78, 79, 83, 84, 99, 100, 108, 109, 110, 113, 117, 120, 121, 129, 130, 131, 134, 138, 142, 143, 146, 147, 157, 158, 160, 163, 164, 166, 175, 176, 186, 187, 189, 190, 192, 193, 195, 204, 205, 234, 235, 245, 246, 248, 252, 253, 255, 265, 266, 276, 277, 279, 281, 282, 285, 286, 288, 297, 298, 313, 314], "summary": {"covered_lines": 86, "num_statements": 124, "percent_covered": 65.4320987654321, "percent_covered_display": "65", "missing_lines": 38, "excluded_lines": 12, "num_branches": 38, "num_partial_branches": 10, "covered_branches": 20, "missing_branches": 18}, "missing_lines": [53, 54, 92, 93, 94, 96, 114, 115, 135, 136, 161, 215, 216, 218, 219, 220, 222, 223, 225, 249, 250, 283, 306, 307, 308, 310, 322, 323, 326, 327, 328, 330, 331, 332, 333, 335, 336, 337], "excluded_lines": [11, 12, 13, 64, 65, 66, 67, 68, 69, 70, 71, 72], "executed_branches": [[40, 41], [40, 42], [42, 43], [42, 47], [47, 48], [47, 57], [77, 78], [77, 79], [113, 117], [134, 138], [160, 163], [163, 164], [189, 190], [192, 193], [248, 252], [252, 253], [279, 281], [282, 285], [285, 286], [285, 288]], "missing_branches": [[113, 114], [134, 135], [160, 161], [163, 166], [189, 192], [192, 195], [218, 219], [218, 222], [222, 223], [222, 225], [248, 249], [252, 255], [279, 285], [282, 283], [330, 331], [330, 332], [332, 333], [332, 335]], "functions": {"CtyValidationError.__init__": {"executed_lines": [31, 32, 33, 34, 37, 40, 41, 42, 43, 44, 47, 48, 50, 51, 52, 57, 59], "summary": {"covered_lines": 17, "num_statements": 19, "percent_covered": 92.0, "percent_covered_display": "92", "missing_lines": 2, "excluded_lines": 0, "num_branches": 6, "num_partial_branches": 0, "covered_branches": 6, "missing_branches": 0}, "missing_lines": [53, 54], "excluded_lines": [], "executed_branches": [[40, 41], [40, 42], [42, 43], [42, 47], [47, 48], [47, 57]], "missing_branches": []}, 
[...]
], "missing_branches": []}, "": {"executed_lines": [1, 3, 5, 17, 20, 30, 34, 38, 42, 46, 54, 62, 70, 78, 89, 105, 116, 120, 124, 128, 132, 137, 146, 153, 160, 170, 183], "summary": {"covered_lines": 27, "num_statements": 27, "percent_covered": 100.0, "percent_covered_display": "100", "missing_lines": 0, "excluded_lines": 0, "num_branches": 0, "num_partial_branches": 0, "covered_branches": 0, "missing_branches": 0}, "missing_lines": [], "excluded_lines": [], "executed_branches": [], "missing_branches": []}}, "classes": {"": {"executed_lines": [1, 3, 5, 17, 20, 22, 23, 30, 31, 34, 35, 38, 39, 42, 43, 46, 47, 54, 55, 62, 63, 70, 71, 78, 79, 80, 89, 94, 95, 96, 97, 98, 105, 106, 107, 108, 113, 116, 117, 120, 121, 124, 125, 128, 129, 132, 137, 142, 143, 146, 150, 153, 157, 160, 164, 170, 172, 173, 174, 175, 176, 178, 179, 180, 183, 185, 186, 187, 188, 189, 191, 192, 193], "summary": {"covered_lines": 73, "num_statements": 77, "percent_covered": 92.78350515463917, "percent_covered_display": "93", "missing_lines": 4, "excluded_lines": 0, "num_branches": 20, "num_partial_branches": 1, "covered_branches": 17, "missing_branches": 3}, "missing_lines": [24, 25, 26, 133], "excluded_lines": [], "executed_branches": [[22, 23], [95, 96], [95, 98], [96, 97], [96, 98], [173, 174], [173, 175], [175, 176], [175, 178], [178, 179], [178, 180], [186, 187], [186, 188], [188, 189], [188, 191], [191, 192], [191, 193]], "missing_branches": [[22, 24], [24, 25], [24, 26]]}}}, "src/pyvider/schema/transforms.py": {"executed_lines": [2, 4, 5, 6, 9, 10, 12, 13, 14, 15, 16, 17, 18, 19, 21, 22, 23, 24, 25, 26, 27, 29, 30, 31, 32, 33, 34, 35, 36, 37, 38, 39, 40, 41, 42, 43, 44, 49], "summary": {"covered_lines": 37, "num_statements": 37, "percent_covered": 100.0, "percent_covered_display": "100", "missing_lines": 0, "excluded_lines": 0, "num_branches": 14, "num_partial_branches": 0, "covered_branches": 14, "missing_branches": 0}, "missing_lines": [], "excluded_lines": [], "executed_branches": [[14, 15], [14, 16], [23, 24], [23, 25], [33, 34], [33, 44], [35, 36], [35, 39], [36, 37], [36, 38], [39, 33], [39, 40], [40, 41], [40, 42]], "missing_branches": [], "functions": {"PvsSchemaTransformer.add_attribute": {"executed_lines": [13, 14, 15, 16, 17, 18, 19], "summary": {"covered_lines": 7, "num_statements": 7, "percent_covered": 100.0, "percent_covered_display": "100", "missing_lines": 0, "excluded_lines": 0, "num_branches": 2, "num_partial_branches": 0, "covered_branches": 2, "missing_branches": 0}, "missing_lines": [], "excluded_lines": [], "executed_branches": [[14, 15], [14, 16]], "missing_branches": []}, "PvsSchemaTransformer.remove_attribute": {"executed_lines": [22, 23, 24, 25, 26, 27], "summary": {"covered_lines": 6, "num_statements": 6, "percent_covered": 100.0, "percent_covered_display": "100", "missing_lines": 0, "excluded_lines": 0, "num_branches": 2, "num_partial_branches": 0, "covered_branches": 2, "missing_branches": 0}, "missing_lines": [], "excluded_lines": [], "executed_branches": [[23, 24], [23, 25]], "missing_branches": []}, "PvsSchemaTransformer.merge_schemas": {"executed_lines": [30, 31, 32, 33, 34, 35, 36, 37, 38, 39, 40, 41, 42, 43, 44, 49], "summary": {"covered_lines": 16, "num_statements": 16, "percent_covered": 100.0, "percent_covered_display": "100", "missing_lines": 0, "excluded_lines": 0, "num_branches": 10, "num_partial_branches": 0, "covered_branches": 10, "missing_branches": 0}, "missing_lines": [], "excluded_lines": [], "executed_branches": [[33, 34], [33, 44], [35, 36], [35, 39], [36, 37], [36, 38], [39, 33], [39, 40], [40, 41], [40, 42]], "missing_branches": []}, "": {"executed_lines": [2, 4, 5, 6, 9, 10, 12, 21, 29], "summary": {"covered_lines": 8, "num_statements": 8, "percent_covered": 100.0, "percent_covered_display": "100", "missing_lines": 0, "excluded_lines": 0, "num_branches": 0, "num_partial_branches": 0, "covered_branches": 0, "missing_branches": 0}, "missing_lines": [], "excluded_lines": [], "executed_branches": [], "missing_branches": []}}, "classes": {"PvsSchemaTransformer": {"executed_lines": [13, 14, 15, 16, 17, 18, 19, 22, 23, 24, 25, 26, 27, 30, 31, 32, 33, 34, 35, 36, 37, 38, 39, 40, 41, 42, 43, 44, 49], "summary": {"covered_lines": 29, "num_statements": 29, "percent_covered": 100.0, "percent_covered_display": "100", "missing_lines": 0, "excluded_lines": 0, "num_branches": 14, "num_partial_branches": 0, "covered_branches": 14, "missing_branches": 0}, "missing_lines": [], "excluded_lines": [], "executed_branches": [[14, 15], [14, 16], [23, 24], [23, 25], [33, 34], [33, 44], [35, 36], [35, 39], [36, 37], [36, 38], [39, 33], [39, 40], [40, 41], [40, 42]], "missing_branches": []}, "": {"executed_lines": [2, 4, 5, 6, 9, 10, 12, 21, 29], "summary": {"covered_lines": 8, "num_statements": 8, "percent_covered": 100.0, "percent_covered_display": "100", "missing_lines": 0, "excluded_lines": 0, "num_branches": 0, "num_partial_branches": 0, "covered_branches": 0, "missing_branches": 0}, "missing_lines": [], "excluded_lines": [], "executed_branches": [], "missing_branches": []}}}, "src/pyvider/schema/types/__init__.py": {"executed_lines": [2, 3, 4, 5, 6, 7, 9], "summary": {"covered_lines": 7, "num_statements": 7, "percent_covered": 100.0, "percent_covered_display": "100", "missing_lines": 0, "excluded_lines": 0, "num_branches": 0, "num_partial_branches": 0, "covered_branches": 0, "missing_branches": 0}, "missing_lines": [], "excluded_lines": [], "executed_branches": [], "missing_branches": [], "functions": {"": {"executed_lines": [2, 3, 4, 5, 6, 7, 9], "summary": {"covered_lines": 7, "num_statements": 7, "percent_covered": 100.0, "percent_covered_display": "100", "missing_lines": 0, "excluded_lines": 0, "num_branches": 0, "num_partial_branches": 0, "covered_branches": 0, "missing_branches": 0}, "missing_lines": [], "excluded_lines": [], "executed_branches": [], "missing_branches": []}}, "classes": {"": {"executed_lines": [2, 3, 4, 5, 6, 7, 9], "summary": {"covered_lines": 7, "num_statements": 7, "percent_covered": 100.0, "percent_covered_display": "100", "missing_lines": 0, "excluded_lines": 0, "num_branches": 0, "num_partial_branches": 0, "covered_branches": 0, "missing_branches": 0}, "missing_lines": [], "excluded_lines": [], "executed_branches": [], "missing_branches": []}}}, "src/pyvider/schema/types/attribute.py": {"executed_lines": [2, 4, 6, 7, 8, 11, 12, 13, 15, 16, 17, 18, 19, 20, 21, 22, 23, 24, 25, 27, 37, 38, 39, 42, 43, 44, 47, 48, 51, 56], "summary": {"covered_lines": 29, "num_statements": 31, "percent_covered": 89.74358974358974, "percent_covered_display": "90", "missing_lines": 2, "excluded_lines": 0, "num_branches": 8, "num_partial_branches": 2, "covered_branches": 6, "missing_branches": 2}, "missing_lines": [52, 57], "excluded_lines": [], "executed_branches": [[42, 43], [42, 47], [47, 48], [47, 51], [51, 56], [56, -27]], "missing_branches": [[51, 52], [56, 57]], "functions": {"PvsAttribute.__attrs_post_init__": {"executed_lines": [37, 38, 39, 42, 43, 44, 47, 48, 51, 56], "summary": {"covered_lines": 10, "num_statements": 12, "percent_covered": 80.0, "percent_covered_display": "80", "missing_lines": 2, "excluded_lines": 0, "num_branches": 8, "num_partial_branches": 2, "covered_branches": 6, "missing_branches": 2}, "missing_lines": [52, 57], "excluded_lines": [], "executed_branches": [[42, 43], [42, 47], [47, 48], [47, 51], [51, 56], [56, -27]], "missing_branches": [[51, 52], [56, 57]]}, "": {"executed_lines": [2, 4, 6, 7, 8, 11, 12, 13, 15, 16, 17, 18, 19, 20, 21, 22, 23, 24, 25, 27], "summary": {"covered_lines": 19, "num_statements": 19, "percent_covered": 100.0, "percent_covered_display": "100", "missing_lines": 0, "excluded_lines": 0, "num_branches": 0, "num_partial_branches": 0, "covered_branches": 0, "missing_branches": 0}, "missing_lines": [], "excluded_lines": [], "executed_branches": [], "missing_branches": []}}, "classes": {"PvsAttribute": {"executed_lines": [37, 38, 39, 42, 43, 44, 47, 48, 51, 56], "summary": {"covered_lines": 10, "num_statements": 12, "percent_covered": 80.0, "percent_covered_display": "80", "missing_lines": 2, "excluded_lines": 0, "num_branches": 8, "num_partial_branches": 2, "covered_branches": 6, "missing_branches": 2}, "missing_lines": [52, 57], "excluded_lines": [], "executed_branches": [[42, 43], [42, 47], [47, 48], [47, 51], [51, 56], [56, -27]], "missing_branches": [[51, 52], [56, 57]]}, "": {"executed_lines": [2, 4, 6, 7, 8, 11, 12, 13, 15, 16, 17, 18, 19, 20, 21, 22, 23, 24, 25, 27], "summary": {"covered_lines": 19, "num_statements": 19, "percent_covered": 100.0, "percent_covered_display": "100", "missing_lines": 0, "excluded_lines": 0, "num_branches": 0, "num_partial_branches": 0, "covered_branches": 0, "missing_branches": 0}, "missing_lines": [], "excluded_lines": [], "executed_branches": [], "missing_branches": []}}}, "src/pyvider/schema/types/blocks.py": {"executed_lines": [2, 4, 7, 9, 13, 14, 15, 19, 20, 21, 22, 23, 24], "summary": {"covered_lines": 11, "num_statements": 11, "percent_covered": 100.0, "percent_covered_display": "100", "missing_lines": 0, "excluded_lines": 2, "num_branches": 0, "num_partial_branches": 0, "covered_branches": 0, "missing_branches": 0}, "missing_lines": [], "excluded_lines": [9, 10], "executed_branches": [], "missing_branches": [], "functions": {"": {"executed_lines": [2, 4, 7, 9, 13, 14, 15, 19, 20, 21, 22, 23, 24], "summary": {"covered_lines": 11, "num_statements": 11, "percent_covered": 100.0, "percent_covered_display": "100", "missing_lines": 0, "excluded_lines": 2, "num_branches": 0, "num_partial_branches": 0, "covered_branches": 0, "missing_branches": 0}, "missing_lines": [], "excluded_lines": [9, 10], "executed_branches": [], "missing_branches": []}}, "classes": {"PvsNestedBlock": {"executed_lines": [], "summary": {"covered_lines": 0, "num_statements": 0, "percent_covered": 100.0, "percent_covered_display": "100", "missing_lines": 0, "excluded_lines": 0, "num_branches": 0, "num_partial_branches": 0, "covered_branches": 0, "missing_branches": 0}, "missing_lines": [], "excluded_lines": [], "executed_branches": [], "missing_branches": []}, "": {"executed_lines": [2, 4, 7, 9, 13, 14, 15, 19, 20, 21, 22, 23, 24], "summary": {"covered_lines": 11, "num_statements": 11, "percent_covered": 100.0, "percent_covered_display": "100", "missing_lines": 0, "excluded_lines": 2, "num_branches": 0, "num_partial_branches": 0, "covered_branches": 0, "missing_branches": 0}, "missing_lines": [], "excluded_lines": [9, 10], "executed_branches": [], "missing_branches": []}}}, "src/pyvider/schema/types/enums.py": {"executed_lines": [1, 4, 5, 7, 8, 11, 12, 14, 15, 16, 17, 18], "summary": {"covered_lines": 10, "num_statements": 10, "percent_covered": 100.0, "percent_covered_display": "100", "missing_lines": 0, "excluded_lines": 0, "num_branches": 0, "num_partial_branches": 0, "covered_branches": 0, "missing_branches": 0}, "missing_lines": [], "excluded_lines": [], "executed_branches": [], "missing_branches": [], "functions": {"": {"executed_lines": [1, 4, 5, 7, 8, 11, 12, 14, 15, 16, 17, 18], "summary": {"covered_lines": 10, "num_statements": 10, "percent_covered": 100.0, "percent_covered_display": "100", "missing_lines": 0, "excluded_lines": 0, "num_branches": 0, "num_partial_branches": 0, "covered_branches": 0, "missing_branches": 0}, "missing_lines": [], "excluded_lines": [], "executed_branches": [], "missing_branches": []}}, "classes": {"StringKind": {"executed_lines": [], "summary": {"covered_lines": 0, "num_statements": 0, "percent_covered": 100.0, "percent_covered_display": "100", "missing_lines": 0, "excluded_lines": 0, "num_branches": 0, "num_partial_branches": 0, "covered_branches": 0, "missing_branches": 0}, "missing_lines": [], "excluded_lines": [], "executed_branches": [], "missing_branches": []}, "NestingMode": {"executed_lines": [], "summary": {"covered_lines": 0, "num_statements": 0, "percent_covered": 100.0, "percent_covered_display": "100", "missing_lines": 0, "excluded_lines": 0, "num_branches": 0, "num_partial_branches": 0, "covered_branches": 0, "missing_branches": 0}, "missing_lines": [], "excluded_lines": [], "executed_branches": [], "missing_branches": []}, "": {"executed_lines": [1, 4, 5, 7, 8, 11, 12, 14, 15, 16, 17, 18], "summary": {"covered_lines": 10, "num_statements": 10, "percent_covered": 100.0, "percent_covered_display": "100", "missing_lines": 0, "excluded_lines": 0, "num_branches": 0, "num_partial_branches": 0, "covered_branches": 0, "missing_branches": 0}, "missing_lines": [], "excluded_lines": [], "executed_branches": [], "missing_branches": []}}}, "src/pyvider/schema/types/object.py": {"executed_lines": [2, 4, 6, 8, 9, 10, 12, 17, 18, 19, 24, 25, 26, 27, 29, 35, 36, 41, 42, 43, 44, 45, 46, 47, 48, 52, 54], "summary": {"covered_lines": 25, "num_statements": 26, "percent_covered": 94.11764705882354, "percent_covered_display": "94", "missing_lines": 1, "excluded_lines": 3, "num_branches": 8, "num_partial_branches": 1, "covered_branches": 7, "missing_branches": 1}, "missing_lines": [50], "excluded_lines": [12, 13, 14], "executed_branches": [[41, 42], [41, 54], [43, 44], [43, 45], [45, 46], [45, 47], [47, 48]], "missing_branches": [[47, 50]], "functions": {"PvsObjectType.to_cty_type": {"executed_lines": [35, 36, 41, 42, 43, 44, 45, 46, 47, 48, 52, 54], "summary": {"covered_lines": 12, "num_statements": 13, "percent_covered": 90.47619047619048, "percent_covered_display": "90", "missing_lines": 1, "excluded_lines": 0, "num_branches": 8, "num_partial_branches": 1, "covered_branches": 7, "missing_branches": 1}, "missing_lines": [50], "excluded_lines": [], "executed_branches": [[41, 42], [41, 54], [43, 44], [43, 45], [45, 46], [45, 47], [47, 48]], "missing_branches": [[47, 50]]}, "": {"executed_lines": [2, 4, 6, 8, 9, 10, 12, 17, 18, 19, 24, 25, 26, 27, 29], "summary": {"covered_lines": 13, "num_statements": 13, "percent_covered": 100.0, "percent_covered_display": "100", "missing_lines": 0, "excluded_lines": 3, "num_branches": 0, "num_partial_branches": 0, "covered_branches": 0, "missing_branches": 0}, "missing_lines": [], "excluded_lines": [12, 13, 14], "executed_branches": [], "missing_branches": []}}, "classes": {"PvsObjectType": {"executed_lines": [35, 36, 41, 42, 43, 44, 45, 46, 47, 48, 52, 54], "summary": {"covered_lines": 12, "num_statements": 13, "percent_covered": 90.47619047619048, "percent_covered_display": "90", "missing_lines": 1, "excluded_lines": 0, "num_branches": 8, "num_partial_branches": 1, "covered_branches": 7, "missing_branches": 1}, "missing_lines": [50], "excluded_lines": [], "executed_branches": [[41, 42], [41, 54], [43, 44], [43, 45], [45, 46], [45, 47], [47, 48]], "missing_branches": [[47, 50]]}, "": {"executed_lines": [2, 4, 6, 8, 9, 10, 12, 17, 18, 19, 24, 25, 26, 27, 29], "summary": {"covered_lines": 13, "num_statements": 13, "percent_covered": 100.0, "percent_covered_display": "100", "missing_lines": 0, "excluded_lines": 3, "num_branches": 0, "num_partial_branches": 0, "covered_branches": 0, "missing_branches": 0}, "missing_lines": [], "excluded_lines": [12, 13, 14], "executed_branches": [], "missing_branches": []}}}, "src/pyvider/schema/types/schema.py": {"executed_lines": [2, 4, 5, 7, 10, 13, 14, 15, 24, 25, 27, 36, 37, 41, 44, 46], "summary": {"covered_lines": 15, "num_statements": 17, "percent_covered": 84.21052631578948, "percent_covered_display": "84", "missing_lines": 2, "excluded_lines": 0, "num_branches": 2, "num_partial_branches": 1, "covered_branches": 1, "missing_branches": 1}, "missing_lines": [38, 51], "excluded_lines": [], "executed_branches": [[37, 41]], "missing_branches": [[37, 38]], "functions": {"PvsSchema.validate_config": {"executed_lines": [36, 37, 41, 44], "summary": {"covered_lines": 4, "num_statements": 5, "percent_covered": 71.42857142857143, "percent_covered_display": "71", "missing_lines": 1, "excluded_lines": 0, "num_branches": 2, "num_partial_branches": 1, "covered_branches": 1, "missing_branches": 1}, "missing_lines": [38], "excluded_lines": [], "executed_branches": [[37, 41]], "missing_branches": [[37, 38]]}, "PvsSchema.to_cty_type": {"executed_lines": [], "summary": {"covered_lines": 0, "num_statements": 1, "percent_covered": 0.0, "percent_covered_display": "0", "missing_lines": 1, "excluded_lines": 0, "num_branches": 0, "num_partial_branches": 0, "covered_branches": 0, "missing_branches": 0}, "missing_lines": [51], "excluded_lines": [], "executed_branches": [], "missing_branches": []}, "": {"executed_lines": [2, 4, 5, 7, 10, 13, 14, 15, 24, 25, 27, 46], "summary": {"covered_lines": 11, "num_statements": 11, "percent_covered": 100.0, "percent_covered_display": "100", "missing_lines": 0, "excluded_lines": 0, "num_branches": 0, "num_partial_branches": 0, "covered_branches": 0, "missing_branches": 0}, "missing_lines": [], "excluded_lines": [], "executed_branches": [], "missing_branches": []}}, "classes": {"PvsSchema": {"executed_lines": [36, 37, 41, 44], "summary": {"covered_lines": 4, "num_statements": 6, "percent_covered": 62.5, "percent_covered_display": "62", "missing_lines": 2, "excluded_lines": 0, "num_branches": 2, "num_partial_branches": 1, "covered_branches": 1, "missing_branches": 1}, "missing_lines": [38, 51], "excluded_lines": [], "executed_branches": [[37, 41]], "missing_branches": [[37, 38]]}, "": {"executed_lines": [2, 4, 5, 7, 10, 13, 14, 15, 24, 25, 27, 46], "summary": {"covered_lines": 11, "num_statements": 11, "percent_covered": 100.0, "percent_covered_display": "100", "missing_lines": 0, "excluded_lines": 0, "num_branches": 0, "num_partial_branches": 0, "covered_branches": 0, "missing_branches": 0}, "missing_lines": [], "excluded_lines": [], "executed_branches": [], "missing_branches": []}}}, "src/pyvider/schema/types/types_base.py": {"executed_lines": [2, 4, 6, 8, 11, 12, 13, 20], "summary": {"covered_lines": 6, "num_statements": 7, "percent_covered": 85.71428571428571, "percent_covered_display": "86", "missing_lines": 1, "excluded_lines": 0, "num_branches": 0, "num_partial_branches": 0, "covered_branches": 0, "missing_branches": 0}, "missing_lines": [22], "excluded_lines": [], "executed_branches": [], "missing_branches": [], "functions": {"PvsType.to_cty_type": {"executed_lines": [], "summary": {"covered_lines": 0, "num_statements": 1, "percent_covered": 0.0, "percent_covered_display": "0", "missing_lines": 1, "excluded_lines": 0, "num_branches": 0, "num_partial_branches": 0, "covered_branches": 0, "missing_branches": 0}, "missing_lines": [22], "excluded_lines": [], "executed_branches": [], "missing_branches": []}, "": {"executed_lines": [2, 4, 6, 8, 11, 12, 13, 20], "summary": {"covered_lines": 6, "num_statements": 6, "percent_covered": 100.0, "percent_covered_display": "100", "missing_lines": 0, "excluded_lines": 0, "num_branches": 0, "num_partial_branches": 0, "covered_branches": 0, "missing_branches": 0}, "missing_lines": [], "excluded_lines": [], "executed_branches": [], "missing_branches": []}}, "classes": {"PvsType": {"executed_lines": [], "summary": {"covered_lines": 0, "num_statements": 1, "percent_covered": 0.0, "percent_covered_display": "0", "missing_lines": 1, "excluded_lines": 0, "num_branches": 0, "num_partial_branches": 0, "covered_branches": 0, "missing_branches": 0}, "missing_lines": [22], "excluded_lines": [], "executed_branches": [], "missing_branches": []}, "": {"executed_lines": [2, 4, 6, 8, 11, 12, 13, 20], "summary": {"covered_lines": 6, "num_statements": 6, "percent_covered": 100.0, "percent_covered_display": "100", "missing_lines": 0, "excluded_lines": 0, "num_branches": 0, "num_partial_branches": 0, "covered_branches": 0, "missing_branches": 0}, "missing_lines": [], "excluded_lines": [], "executed_branches": [], "missing_branches": []}}}}, "totals": {"covered_lines": 6104, "num_statements": 10119, "percent_covered": 54.8642275804366, "percent_covered_display": "55", "missing_lines": 4015, "excluded_lines": 837, "num_branches": 3028, "num_partial_branches": 235, "covered_branches": 1109, "missing_branches": 1919}}